  [1m[35m (0.1ms)[0m  [1m[34mSELECT sqlite_version(*)[0m
  [1m[35m (1.2ms)[0m  [1m[35mCREATE TABLE "schema_migrations" ("version" varchar NOT NULL PRIMARY KEY)[0m
  [1m[35m (1.6ms)[0m  [1m[35mCREATE TABLE "ar_internal_metadata" ("key" varchar NOT NULL PRIMARY KEY, "value" varchar, "created_at" datetime NOT NULL, "updated_at" datetime NOT NULL)[0m
  [1m[35m (0.3ms)[0m  [1m[34mSELECT "schema_migrations"."version" FROM "schema_migrations" ORDER BY "schema_migrations"."version" ASC[0m
Migrating to CreateEntries (20170811154026)
  [1m[35m (0.1ms)[0m  [1m[36mbegin transaction[0m
  [1m[35m (0.5ms)[0m  [1m[35mCREATE TABLE "entries" ("id" INTEGER PRIMARY KEY AUTOINCREMENT NOT NULL, "name" varchar, "user_name" varchar, "tz" varchar, "image" varchar, "email" varchar, "created_at" datetime NOT NULL, "updated_at" datetime NOT NULL)[0m
  [1m[35mSQL (0.5ms)[0m  [1m[32mINSERT INTO "schema_migrations" ("version") VALUES (?)[0m  [["version", "20170811154026"]]
  [1m[35m (1.1ms)[0m  [1m[36mcommit transaction[0m
  [1m[36mActiveRecord::InternalMetadata Load (0.2ms)[0m  [1m[34mSELECT  "ar_internal_metadata".* FROM "ar_internal_metadata" WHERE "ar_internal_metadata"."key" = ? LIMIT ?[0m  [["key", "environment"], ["LIMIT", 1]]
  [1m[35m (0.1ms)[0m  [1m[36mbegin transaction[0m
  [1m[35mSQL (0.4ms)[0m  [1m[32mINSERT INTO "ar_internal_metadata" ("key", "value", "created_at", "updated_at") VALUES (?, ?, ?, ?)[0m  [["key", "environment"], ["value", "development"], ["created_at", "2017-08-11 15:41:01.120124"], ["updated_at", "2017-08-11 15:41:01.120124"]]
  [1m[35m (1.7ms)[0m  [1m[36mcommit transaction[0m
  [1m[35m (0.2ms)[0m  [1m[34mSELECT "schema_migrations"."version" FROM "schema_migrations" ORDER BY "schema_migrations"."version" ASC[0m
Started POST "/entries" for 127.0.0.1 at 2017-08-11 11:56:50 -0400
  [1m[35m (1.1ms)[0m  [1m[34mSELECT "schema_migrations"."version" FROM "schema_migrations" ORDER BY "schema_migrations"."version" ASC[0m
Processing by EntriesController#create as */*
  Parameters: {"name"=>"Logan Morales", "user_name"=>"moralesl5", "tz"=>"America/New_York", "image"=>"https://avatars.slack-edge.com/2017-05-20/186122847829_5e70481d42b638de7260_512.jpg", "email"=>"loganjmorales@gmail.com"}
Unpermitted parameter: :user_name
  [1m[35m (0.5ms)[0m  [1m[36mbegin transaction[0m
  [1m[35mSQL (5.5ms)[0m  [1m[32mINSERT INTO "entries" ("name", "tz", "image", "email", "created_at", "updated_at") VALUES (?, ?, ?, ?, ?, ?)[0m  [["name", "Logan Morales"], ["tz", "America/New_York"], ["image", "https://avatars.slack-edge.com/2017-05-20/186122847829_5e70481d42b638de7260_512.jpg"], ["email", "loganjmorales@gmail.com"], ["created_at", "2017-08-11 15:56:53.961193"], ["updated_at", "2017-08-11 15:56:53.961193"]]
  [1m[35m (7.0ms)[0m  [1m[36mcommit transaction[0m
Completed 200 OK in 236ms (Views: 25.1ms | ActiveRecord: 14.6ms)


Started POST "/entries" for 127.0.0.1 at 2017-08-11 11:57:46 -0400
  [1m[35m (0.7ms)[0m  [1m[34mSELECT "schema_migrations"."version" FROM "schema_migrations" ORDER BY "schema_migrations"."version" ASC[0m
Processing by EntriesController#create as */*
  Parameters: {"name"=>"Logan Morales", "user_name"=>"moralesl5", "tz"=>"America/New_York", "image"=>"https://avatars.slack-edge.com/2017-05-20/186122847829_5e70481d42b638de7260_512.jpg", "email"=>"loganjmorales@gmail.com"}
  [1m[35m (0.1ms)[0m  [1m[36mbegin transaction[0m
  [1m[35mSQL (0.7ms)[0m  [1m[32mINSERT INTO "entries" ("name", "user_name", "tz", "image", "email", "created_at", "updated_at") VALUES (?, ?, ?, ?, ?, ?, ?)[0m  [["name", "Logan Morales"], ["user_name", "moralesl5"], ["tz", "America/New_York"], ["image", "https://avatars.slack-edge.com/2017-05-20/186122847829_5e70481d42b638de7260_512.jpg"], ["email", "loganjmorales@gmail.com"], ["created_at", "2017-08-11 15:57:47.005690"], ["updated_at", "2017-08-11 15:57:47.005690"]]
  [1m[35m (2.1ms)[0m  [1m[36mcommit transaction[0m
Completed 200 OK in 41ms (Views: 1.6ms | ActiveRecord: 7.6ms)


  [1m[36mEntry Load (6.4ms)[0m  [1m[34mSELECT  "entries".* FROM "entries" LIMIT ?[0m  [["LIMIT", 11]]
  [1m[36mEntry Load (3.9ms)[0m  [1m[34mSELECT  "entries".* FROM "entries" WHERE "entries"."id" = ? LIMIT ?[0m  [["id", 1], ["LIMIT", 1]]
  [1m[35m (0.5ms)[0m  [1m[36mbegin transaction[0m
  [1m[35mSQL (1.0ms)[0m  [1m[31mDELETE FROM "entries" WHERE "entries"."id" = ?[0m  [["id", 1]]
  [1m[35m (3.2ms)[0m  [1m[36mcommit transaction[0m
  [1m[36mEntry Load (0.3ms)[0m  [1m[34mSELECT  "entries".* FROM "entries" LIMIT ?[0m  [["LIMIT", 11]]
  [1m[35m (0.8ms)[0m  [1m[34mSELECT "schema_migrations"."version" FROM "schema_migrations" ORDER BY "schema_migrations"."version" ASC[0m
  [1m[36mActiveRecord::InternalMetadata Load (1.1ms)[0m  [1m[34mSELECT  "ar_internal_metadata".* FROM "ar_internal_metadata" WHERE "ar_internal_metadata"."key" = ? LIMIT ?[0m  [["key", "environment"], ["LIMIT", 1]]
  [1m[35m (0.1ms)[0m  [1m[36mbegin transaction[0m
  [1m[35m (0.1ms)[0m  [1m[36mcommit transaction[0m
  [1m[35m (0.1ms)[0m  [1m[34mSELECT "schema_migrations"."version" FROM "schema_migrations" ORDER BY "schema_migrations"."version" ASC[0m
  [1m[36mEntry Load (3.0ms)[0m  [1m[34mSELECT  "entries".* FROM "entries" LIMIT ?[0m  [["LIMIT", 11]]
  [1m[35m (0.6ms)[0m  [1m[34mSELECT "schema_migrations"."version" FROM "schema_migrations" ORDER BY "schema_migrations"."version" ASC[0m
  [1m[35m (0.9ms)[0m  [1m[34mSELECT "ar_internal_metadata"."value" FROM "ar_internal_metadata" WHERE "ar_internal_metadata"."key" = ?[0m  [["key", "environment"]]
  [1m[35m (0.1ms)[0m  [1m[34mSELECT "schema_migrations"."version" FROM "schema_migrations" ORDER BY "schema_migrations"."version" ASC[0m
  [1m[35m (0.1ms)[0m  [1m[34mSELECT "ar_internal_metadata"."value" FROM "ar_internal_metadata" WHERE "ar_internal_metadata"."key" = ?[0m  [["key", "environment"]]
  [1m[35m (0.1ms)[0m  [1m[34mSELECT "schema_migrations"."version" FROM "schema_migrations" ORDER BY "schema_migrations"."version" ASC[0m
  [1m[35m (0.1ms)[0m  [1m[34mSELECT "ar_internal_metadata"."value" FROM "ar_internal_metadata" WHERE "ar_internal_metadata"."key" = ?[0m  [["key", "environment"]]
  [1m[35m (1.1ms)[0m  [1m[35mDROP TABLE IF EXISTS "entries"[0m
  [1m[35m (0.9ms)[0m  [1m[34mSELECT sqlite_version(*)[0m
  [1m[35m (1.4ms)[0m  [1m[35mCREATE TABLE "entries" ("id" INTEGER PRIMARY KEY AUTOINCREMENT NOT NULL, "name" varchar, "user_name" varchar, "tz" varchar, "image" varchar, "email" varchar, "created_at" datetime NOT NULL, "updated_at" datetime NOT NULL)[0m
  [1m[35m (1.1ms)[0m  [1m[35mCREATE TABLE "schema_migrations" ("version" varchar NOT NULL PRIMARY KEY)[0m
  [1m[35m (0.2ms)[0m  [1m[34mSELECT "schema_migrations"."version" FROM "schema_migrations" ORDER BY "schema_migrations"."version" ASC[0m
  [1m[35m (0.8ms)[0m  [1m[32mINSERT INTO "schema_migrations" (version) VALUES (20170811154026)[0m
  [1m[35m (1.0ms)[0m  [1m[35mCREATE TABLE "ar_internal_metadata" ("key" varchar NOT NULL PRIMARY KEY, "value" varchar, "created_at" datetime NOT NULL, "updated_at" datetime NOT NULL)[0m
  [1m[36mActiveRecord::InternalMetadata Load (0.3ms)[0m  [1m[34mSELECT  "ar_internal_metadata".* FROM "ar_internal_metadata" WHERE "ar_internal_metadata"."key" = ? LIMIT ?[0m  [["key", "environment"], ["LIMIT", 1]]
  [1m[35m (0.1ms)[0m  [1m[36mbegin transaction[0m
  [1m[35mSQL (0.9ms)[0m  [1m[32mINSERT INTO "ar_internal_metadata" ("key", "value", "created_at", "updated_at") VALUES (?, ?, ?, ?)[0m  [["key", "environment"], ["value", "development"], ["created_at", "2017-08-11 16:04:45.593945"], ["updated_at", "2017-08-11 16:04:45.593945"]]
  [1m[35m (1.7ms)[0m  [1m[36mcommit transaction[0m
  [1m[36mActiveRecord::InternalMetadata Load (0.1ms)[0m  [1m[34mSELECT  "ar_internal_metadata".* FROM "ar_internal_metadata" WHERE "ar_internal_metadata"."key" = ? LIMIT ?[0m  [["key", "environment"], ["LIMIT", 1]]
  [1m[35m (0.1ms)[0m  [1m[36mbegin transaction[0m
  [1m[35m (0.0ms)[0m  [1m[36mcommit transaction[0m
  [1m[35m (0.1ms)[0m  [1m[35mDROP TABLE IF EXISTS "entries"[0m
  [1m[35m (0.1ms)[0m  [1m[34mSELECT sqlite_version(*)[0m
  [1m[35m (1.4ms)[0m  [1m[35mCREATE TABLE "entries" ("id" INTEGER PRIMARY KEY AUTOINCREMENT NOT NULL, "name" varchar, "user_name" varchar, "tz" varchar, "image" varchar, "email" varchar, "created_at" datetime NOT NULL, "updated_at" datetime NOT NULL)[0m
  [1m[35m (1.0ms)[0m  [1m[35mCREATE TABLE "schema_migrations" ("version" varchar NOT NULL PRIMARY KEY)[0m
  [1m[35m (0.1ms)[0m  [1m[34mSELECT "schema_migrations"."version" FROM "schema_migrations" ORDER BY "schema_migrations"."version" ASC[0m
  [1m[35m (1.1ms)[0m  [1m[32mINSERT INTO "schema_migrations" (version) VALUES (20170811154026)[0m
  [1m[35m (1.1ms)[0m  [1m[35mCREATE TABLE "ar_internal_metadata" ("key" varchar NOT NULL PRIMARY KEY, "value" varchar, "created_at" datetime NOT NULL, "updated_at" datetime NOT NULL)[0m
  [1m[36mActiveRecord::InternalMetadata Load (0.4ms)[0m  [1m[34mSELECT  "ar_internal_metadata".* FROM "ar_internal_metadata" WHERE "ar_internal_metadata"."key" = ? LIMIT ?[0m  [["key", "environment"], ["LIMIT", 1]]
  [1m[35m (0.1ms)[0m  [1m[36mbegin transaction[0m
  [1m[35mSQL (0.3ms)[0m  [1m[32mINSERT INTO "ar_internal_metadata" ("key", "value", "created_at", "updated_at") VALUES (?, ?, ?, ?)[0m  [["key", "environment"], ["value", "development"], ["created_at", "2017-08-11 16:04:45.613381"], ["updated_at", "2017-08-11 16:04:45.613381"]]
  [1m[35m (0.9ms)[0m  [1m[36mcommit transaction[0m
  [1m[36mActiveRecord::InternalMetadata Load (0.1ms)[0m  [1m[34mSELECT  "ar_internal_metadata".* FROM "ar_internal_metadata" WHERE "ar_internal_metadata"."key" = ? LIMIT ?[0m  [["key", "environment"], ["LIMIT", 1]]
  [1m[35m (0.1ms)[0m  [1m[36mbegin transaction[0m
  [1m[35m (0.0ms)[0m  [1m[36mcommit transaction[0m
  [1m[35m (0.1ms)[0m  [1m[34mSELECT "schema_migrations"."version" FROM "schema_migrations" ORDER BY "schema_migrations"."version" ASC[0m
  [1m[35m (0.1ms)[0m  [1m[34mSELECT "schema_migrations"."version" FROM "schema_migrations" ORDER BY "schema_migrations"."version" ASC[0m
  [1m[36mActiveRecord::InternalMetadata Load (0.2ms)[0m  [1m[34mSELECT  "ar_internal_metadata".* FROM "ar_internal_metadata" WHERE "ar_internal_metadata"."key" = ? LIMIT ?[0m  [["key", "environment"], ["LIMIT", 1]]
  [1m[35m (0.1ms)[0m  [1m[36mbegin transaction[0m
  [1m[35m (0.1ms)[0m  [1m[36mcommit transaction[0m
  [1m[35m (0.1ms)[0m  [1m[34mSELECT "schema_migrations"."version" FROM "schema_migrations" ORDER BY "schema_migrations"."version" ASC[0m
  [1m[36mEntry Load (2.5ms)[0m  [1m[34mSELECT  "entries".* FROM "entries" LIMIT ?[0m  [["LIMIT", 11]]
  [1m[35m (0.6ms)[0m  [1m[34mSELECT "schema_migrations"."version" FROM "schema_migrations" ORDER BY "schema_migrations"."version" ASC[0m
  [1m[36mActiveRecord::InternalMetadata Load (1.5ms)[0m  [1m[34mSELECT  "ar_internal_metadata".* FROM "ar_internal_metadata" WHERE "ar_internal_metadata"."key" = ? LIMIT ?[0m  [["key", "environment"], ["LIMIT", 1]]
  [1m[35m (0.1ms)[0m  [1m[36mbegin transaction[0m
  [1m[35m (0.1ms)[0m  [1m[36mcommit transaction[0m
  [1m[35m (0.1ms)[0m  [1m[34mSELECT "schema_migrations"."version" FROM "schema_migrations" ORDER BY "schema_migrations"."version" ASC[0m
  [1m[35m (0.8ms)[0m  [1m[34mSELECT "schema_migrations"."version" FROM "schema_migrations" ORDER BY "schema_migrations"."version" ASC[0m
  [1m[35m (0.1ms)[0m  [1m[34mSELECT "schema_migrations"."version" FROM "schema_migrations" ORDER BY "schema_migrations"."version" ASC[0m
Migrating to CreateEntries (20170811154026)
  [1m[35m (0.3ms)[0m  [1m[36mbegin transaction[0m
  [1m[35m (3.8ms)[0m  [1m[35mDROP TABLE "entries"[0m
  [1m[35mSQL (0.6ms)[0m  [1m[31mDELETE FROM "schema_migrations" WHERE "schema_migrations"."version" = ?[0m  [["version", "20170811154026"]]
  [1m[35m (0.8ms)[0m  [1m[36mcommit transaction[0m
  [1m[35m (0.2ms)[0m  [1m[34mSELECT "schema_migrations"."version" FROM "schema_migrations" ORDER BY "schema_migrations"."version" ASC[0m
  [1m[35m (0.3ms)[0m  [1m[34mSELECT "schema_migrations"."version" FROM "schema_migrations" ORDER BY "schema_migrations"."version" ASC[0m
Migrating to CreateEntries (20170811154026)
  [1m[35m (0.1ms)[0m  [1m[36mbegin transaction[0m
  [1m[35m (0.1ms)[0m  [1m[34mSELECT sqlite_version(*)[0m
  [1m[35m (0.5ms)[0m  [1m[35mCREATE TABLE "entries" ("id" INTEGER PRIMARY KEY AUTOINCREMENT NOT NULL, "name" varchar, "user_name" varchar, "tz" varchar, "image" varchar, "email" varchar, "search" varchar, "created_at" datetime NOT NULL, "updated_at" datetime NOT NULL)[0m
  [1m[35mSQL (0.2ms)[0m  [1m[32mINSERT INTO "schema_migrations" ("version") VALUES (?)[0m  [["version", "20170811154026"]]
  [1m[35m (1.2ms)[0m  [1m[36mcommit transaction[0m
  [1m[36mActiveRecord::InternalMetadata Load (0.2ms)[0m  [1m[34mSELECT  "ar_internal_metadata".* FROM "ar_internal_metadata" WHERE "ar_internal_metadata"."key" = ? LIMIT ?[0m  [["key", "environment"], ["LIMIT", 1]]
  [1m[35m (0.1ms)[0m  [1m[36mbegin transaction[0m
  [1m[35m (0.1ms)[0m  [1m[36mcommit transaction[0m
  [1m[35m (0.1ms)[0m  [1m[34mSELECT "schema_migrations"."version" FROM "schema_migrations" ORDER BY "schema_migrations"."version" ASC[0m
Started POST "/entries" for 127.0.0.1 at 2017-08-11 13:27:35 -0400
  [1m[35m (3.2ms)[0m  [1m[34mSELECT "schema_migrations"."version" FROM "schema_migrations" ORDER BY "schema_migrations"."version" ASC[0m
Processing by EntriesController#create as HTML
  Parameters: {"entry"=>{}}
Unpermitted parameter: :entry
  [1m[35m (0.1ms)[0m  [1m[36mbegin transaction[0m
  [1m[35mSQL (2.1ms)[0m  [1m[32mINSERT INTO "entries" ("created_at", "updated_at") VALUES (?, ?)[0m  [["created_at", "2017-08-11 17:27:36.975031"], ["updated_at", "2017-08-11 17:27:36.975031"]]
  [1m[35m (1.1ms)[0m  [1m[36mcommit transaction[0m
Completed 200 OK in 94ms (Views: 5.8ms | ActiveRecord: 5.1ms)


  [1m[36mEntry Load (2.0ms)[0m  [1m[34mSELECT  "entries".* FROM "entries" LIMIT ?[0m  [["LIMIT", 11]]
  [1m[36mEntry Load (0.8ms)[0m  [1m[34mSELECT  "entries".* FROM "entries" WHERE "entries"."id" = ? LIMIT ?[0m  [["id", 1], ["LIMIT", 1]]
  [1m[35m (0.2ms)[0m  [1m[36mbegin transaction[0m
  [1m[35mSQL (0.6ms)[0m  [1m[31mDELETE FROM "entries" WHERE "entries"."id" = ?[0m  [["id", 1]]
  [1m[35m (0.8ms)[0m  [1m[36mcommit transaction[0m
  [1m[36mEntry Load (0.3ms)[0m  [1m[34mSELECT  "entries".* FROM "entries" LIMIT ?[0m  [["LIMIT", 11]]
Started POST "/entries" for 127.0.0.1 at 2017-08-11 13:32:17 -0400
  [1m[35m (0.6ms)[0m  [1m[34mSELECT "schema_migrations"."version" FROM "schema_migrations" ORDER BY "schema_migrations"."version" ASC[0m
Processing by EntriesController#create as HTML
  Parameters: {"entry"=>{}}
Completed 500 Internal Server Error in 152ms (ActiveRecord: 0.8ms)


  
NameError (undefined local variable or method `entry' for #<EntriesController:0x007f845cb57060>
Did you mean?  entry_url):
  
app/controllers/entries_controller.rb:15:in `create'
  [1m[36mEntry Load (1.9ms)[0m  [1m[34mSELECT  "entries".* FROM "entries" LIMIT ?[0m  [["LIMIT", 11]]
Started POST "/entries" for 127.0.0.1 at 2017-08-11 13:39:11 -0400
Processing by EntriesController#create as HTML
  Parameters: {"entry"=>{}}
Unpermitted parameter: :entry
  [1m[35m (0.2ms)[0m  [1m[36mbegin transaction[0m
  [1m[35mSQL (2.4ms)[0m  [1m[32mINSERT INTO "entries" ("created_at", "updated_at") VALUES (?, ?)[0m  [["created_at", "2017-08-11 17:39:22.062541"], ["updated_at", "2017-08-11 17:39:22.062541"]]
  [1m[35m (1.0ms)[0m  [1m[36mcommit transaction[0m
Completed 200 OK in 56ms (Views: 4.2ms | ActiveRecord: 5.2ms)


  [1m[36mEntry Load (9.4ms)[0m  [1m[34mSELECT  "entries".* FROM "entries" LIMIT ?[0m  [["LIMIT", 11]]
Started POST "/entries" for 127.0.0.1 at 2017-08-11 13:40:48 -0400
Processing by EntriesController#create as HTML
  Parameters: {"entry"=>{}}
Unpermitted parameter: :entry
  [1m[35m (5.0ms)[0m  [1m[36mbegin transaction[0m
  [1m[35mSQL (3.4ms)[0m  [1m[32mINSERT INTO "entries" ("created_at", "updated_at") VALUES (?, ?)[0m  [["created_at", "2017-08-11 17:40:48.450212"], ["updated_at", "2017-08-11 17:40:48.450212"]]
  [1m[35m (5.1ms)[0m  [1m[36mcommit transaction[0m
Completed 200 OK in 119ms (Views: 8.0ms | ActiveRecord: 13.6ms)


Started POST "/entries" for 127.0.0.1 at 2017-08-11 13:41:43 -0400
Processing by EntriesController#create as HTML
  Parameters: {"entry"=>{}}
Unpermitted parameter: :entry
  [1m[35m (1.5ms)[0m  [1m[36mbegin transaction[0m
  [1m[35mSQL (30.9ms)[0m  [1m[32mINSERT INTO "entries" ("created_at", "updated_at") VALUES (?, ?)[0m  [["created_at", "2017-08-11 17:41:43.772921"], ["updated_at", "2017-08-11 17:41:43.772921"]]
  [1m[35m (1.1ms)[0m  [1m[36mcommit transaction[0m
Completed 200 OK in 182ms (Views: 82.1ms | ActiveRecord: 33.5ms)


Started POST "/entries" for 127.0.0.1 at 2017-08-11 13:48:42 -0400
Processing by EntriesController#create as HTML
  Parameters: {"entry"=>{}}
Unpermitted parameter: :entry
  [1m[35m (3.8ms)[0m  [1m[36mbegin transaction[0m
  [1m[35mSQL (9.6ms)[0m  [1m[32mINSERT INTO "entries" ("created_at", "updated_at") VALUES (?, ?)[0m  [["created_at", "2017-08-11 17:48:43.405228"], ["updated_at", "2017-08-11 17:48:43.405228"]]
  [1m[35m (1.1ms)[0m  [1m[36mcommit transaction[0m
Completed 200 OK in 394ms (Views: 59.5ms | ActiveRecord: 14.5ms)


  [1m[35mSQL (30.0ms)[0m  [1m[31mDELETE FROM "entries"[0m
  [1m[36mEntry Load (5.2ms)[0m  [1m[34mSELECT  "entries".* FROM "entries" LIMIT ?[0m  [["LIMIT", 11]]
Started POST "/entries" for 127.0.0.1 at 2017-08-11 13:49:46 -0400
Processing by EntriesController#create as HTML
  Parameters: {"entry"=>{}}
Unpermitted parameter: :entry
  [1m[35m (2.4ms)[0m  [1m[36mbegin transaction[0m
  [1m[35mSQL (1.0ms)[0m  [1m[32mINSERT INTO "entries" ("created_at", "updated_at") VALUES (?, ?)[0m  [["created_at", "2017-08-11 17:49:46.568772"], ["updated_at", "2017-08-11 17:49:46.568772"]]
  [1m[35m (4.2ms)[0m  [1m[36mcommit transaction[0m
Completed 200 OK in 174ms (Views: 29.6ms | ActiveRecord: 7.6ms)


  [1m[36mEntry Load (6.2ms)[0m  [1m[34mSELECT  "entries".* FROM "entries" LIMIT ?[0m  [["LIMIT", 11]]
Started POST "/entries" for 127.0.0.1 at 2017-08-11 13:54:43 -0400
Processing by EntriesController#create as HTML
  Parameters: {"entry"=>{}}
Unpermitted parameter: :entry
  [1m[35m (5.9ms)[0m  [1m[36mbegin transaction[0m
  [1m[35mSQL (52.3ms)[0m  [1m[32mINSERT INTO "entries" ("created_at", "updated_at") VALUES (?, ?)[0m  [["created_at", "2017-08-11 17:54:43.457973"], ["updated_at", "2017-08-11 17:54:43.457973"]]
  [1m[35m (3.6ms)[0m  [1m[36mcommit transaction[0m
Completed 200 OK in 280ms (Views: 17.9ms | ActiveRecord: 61.9ms)


Started POST "/entries" for 127.0.0.1 at 2017-08-11 13:59:09 -0400
Processing by EntriesController#create as HTML
  Parameters: {"name"=>"Logan Morales", "user_name"=>"moralesl5", "tz"=>"America/New_York", "image"=>"https://avatars.slack-edge.com/2017-05-20/186122847829_5e70481d42b638de7260_512.jpg", "email"=>"loganjmorales@gmail.com", "search"=>"pizza", "entry"=>{"name"=>"Logan Morales", "user_name"=>"moralesl5", "tz"=>"America/New_York", "image"=>"https://avatars.slack-edge.com/2017-05-20/186122847829_5e70481d42b638de7260_512.jpg", "email"=>"loganjmorales@gmail.com", "search"=>"pizza"}}
Unpermitted parameters: :search, :entry
  [1m[35m (6.9ms)[0m  [1m[36mbegin transaction[0m
  [1m[35mSQL (6.6ms)[0m  [1m[32mINSERT INTO "entries" ("name", "user_name", "tz", "image", "email", "created_at", "updated_at") VALUES (?, ?, ?, ?, ?, ?, ?)[0m  [["name", "Logan Morales"], ["user_name", "moralesl5"], ["tz", "America/New_York"], ["image", "https://avatars.slack-edge.com/2017-05-20/186122847829_5e70481d42b638de7260_512.jpg"], ["email", "loganjmorales@gmail.com"], ["created_at", "2017-08-11 17:59:10.310565"], ["updated_at", "2017-08-11 17:59:10.310565"]]
  [1m[35m (0.9ms)[0m  [1m[36mcommit transaction[0m
Completed 200 OK in 921ms (Views: 6.5ms | ActiveRecord: 14.4ms)


Started POST "/entries" for 127.0.0.1 at 2017-08-11 14:00:21 -0400
Processing by EntriesController#create as HTML
  Parameters: {"name"=>"Logan Morales", "user_name"=>"moralesl5", "tz"=>"America/New_York", "image"=>"https://avatars.slack-edge.com/2017-05-20/186122847829_5e70481d42b638de7260_512.jpg", "email"=>"loganjmorales@gmail.com", "search"=>"chinese", "entry"=>{"name"=>"Logan Morales", "user_name"=>"moralesl5", "tz"=>"America/New_York", "image"=>"https://avatars.slack-edge.com/2017-05-20/186122847829_5e70481d42b638de7260_512.jpg", "email"=>"loganjmorales@gmail.com", "search"=>"chinese"}}
Unpermitted parameters: :search, :entry
  [1m[35m (9.2ms)[0m  [1m[36mbegin transaction[0m
  [1m[35mSQL (7.1ms)[0m  [1m[32mINSERT INTO "entries" ("name", "user_name", "tz", "image", "email", "created_at", "updated_at") VALUES (?, ?, ?, ?, ?, ?, ?)[0m  [["name", "Logan Morales"], ["user_name", "moralesl5"], ["tz", "America/New_York"], ["image", "https://avatars.slack-edge.com/2017-05-20/186122847829_5e70481d42b638de7260_512.jpg"], ["email", "loganjmorales@gmail.com"], ["created_at", "2017-08-11 18:00:21.713813"], ["updated_at", "2017-08-11 18:00:21.713813"]]
  [1m[35m (1.2ms)[0m  [1m[36mcommit transaction[0m
Completed 200 OK in 112ms (Views: 4.9ms | ActiveRecord: 17.5ms)


Started POST "/entries" for 127.0.0.1 at 2017-08-11 14:07:07 -0400
Processing by EntriesController#create as HTML
  Parameters: {"name"=>"Logan Morales", "user_name"=>"moralesl5", "tz"=>"America/New_York", "image"=>"https://avatars.slack-edge.com/2017-05-20/186122847829_5e70481d42b638de7260_512.jpg", "email"=>"loganjmorales@gmail.com", "search"=>"pizza", "entry"=>{"name"=>"Logan Morales", "user_name"=>"moralesl5", "tz"=>"America/New_York", "image"=>"https://avatars.slack-edge.com/2017-05-20/186122847829_5e70481d42b638de7260_512.jpg", "email"=>"loganjmorales@gmail.com", "search"=>"pizza"}}
Unpermitted parameters: :search, :entry
  [1m[35m (11.1ms)[0m  [1m[36mbegin transaction[0m
  [1m[35mSQL (16.3ms)[0m  [1m[32mINSERT INTO "entries" ("name", "user_name", "tz", "image", "email", "created_at", "updated_at") VALUES (?, ?, ?, ?, ?, ?, ?)[0m  [["name", "Logan Morales"], ["user_name", "moralesl5"], ["tz", "America/New_York"], ["image", "https://avatars.slack-edge.com/2017-05-20/186122847829_5e70481d42b638de7260_512.jpg"], ["email", "loganjmorales@gmail.com"], ["created_at", "2017-08-11 18:07:07.995513"], ["updated_at", "2017-08-11 18:07:07.995513"]]
  [1m[35m (2.8ms)[0m  [1m[36mcommit transaction[0m
Completed 200 OK in 304ms (Views: 33.3ms | ActiveRecord: 30.2ms)


  [1m[36mEntry Load (19.0ms)[0m  [1m[34mSELECT  "entries".* FROM "entries" LIMIT ?[0m  [["LIMIT", 11]]
  [1m[35mSQL (15.3ms)[0m  [1m[31mDELETE FROM "entries"[0m
Started POST "/entries" for 127.0.0.1 at 2017-08-11 14:10:58 -0400
Processing by EntriesController#create as HTML
  Parameters: {"name"=>"Logan Morales", "user_name"=>"moralesl5", "tz"=>"America/New_York", "image"=>"https://avatars.slack-edge.com/2017-05-20/186122847829_5e70481d42b638de7260_512.jpg", "email"=>"loganjmorales@gmail.com", "search"=>"burgers", "entry"=>{"name"=>"Logan Morales", "user_name"=>"moralesl5", "tz"=>"America/New_York", "image"=>"https://avatars.slack-edge.com/2017-05-20/186122847829_5e70481d42b638de7260_512.jpg", "email"=>"loganjmorales@gmail.com", "search"=>"burgers"}}
Unpermitted parameters: :search, :entry
  [1m[35m (3.4ms)[0m  [1m[36mbegin transaction[0m
  [1m[35mSQL (17.6ms)[0m  [1m[32mINSERT INTO "entries" ("name", "user_name", "tz", "image", "email", "created_at", "updated_at") VALUES (?, ?, ?, ?, ?, ?, ?)[0m  [["name", "Logan Morales"], ["user_name", "moralesl5"], ["tz", "America/New_York"], ["image", "https://avatars.slack-edge.com/2017-05-20/186122847829_5e70481d42b638de7260_512.jpg"], ["email", "loganjmorales@gmail.com"], ["created_at", "2017-08-11 18:10:58.487540"], ["updated_at", "2017-08-11 18:10:58.487540"]]
  [1m[35m (3.4ms)[0m  [1m[36mcommit transaction[0m
Completed 200 OK in 131ms (Views: 14.2ms | ActiveRecord: 24.4ms)


  [1m[36mEntry Load (4.1ms)[0m  [1m[34mSELECT  "entries".* FROM "entries" LIMIT ?[0m  [["LIMIT", 11]]
Started POST "/entries" for 127.0.0.1 at 2017-08-11 14:16:28 -0400
Processing by EntriesController#create as HTML
  Parameters: {"name"=>"Logan Morales", "user_name"=>"moralesl5", "tz"=>"America/New_York", "image"=>"https://avatars.slack-edge.com/2017-05-20/186122847829_5e70481d42b638de7260_512.jpg", "email"=>"loganjmorales@gmail.com", "search"=>"chinese", "entry"=>{"name"=>"Logan Morales", "user_name"=>"moralesl5", "tz"=>"America/New_York", "image"=>"https://avatars.slack-edge.com/2017-05-20/186122847829_5e70481d42b638de7260_512.jpg", "email"=>"loganjmorales@gmail.com", "search"=>"chinese"}}
Unpermitted parameters: :search, :entry
  [1m[35m (2.5ms)[0m  [1m[36mbegin transaction[0m
  [1m[35mSQL (14.7ms)[0m  [1m[32mINSERT INTO "entries" ("name", "user_name", "tz", "image", "email", "created_at", "updated_at") VALUES (?, ?, ?, ?, ?, ?, ?)[0m  [["name", "Logan Morales"], ["user_name", "moralesl5"], ["tz", "America/New_York"], ["image", "https://avatars.slack-edge.com/2017-05-20/186122847829_5e70481d42b638de7260_512.jpg"], ["email", "loganjmorales@gmail.com"], ["created_at", "2017-08-11 18:16:28.833310"], ["updated_at", "2017-08-11 18:16:28.833310"]]
  [1m[35m (0.8ms)[0m  [1m[36mcommit transaction[0m
Completed 200 OK in 131ms (Views: 20.9ms | ActiveRecord: 18.0ms)


Started POST "/entries" for 127.0.0.1 at 2017-08-11 14:23:09 -0400
Processing by EntriesController#create as HTML
  Parameters: {"name"=>"Logan Morales", "user_name"=>"moralesl5", "tz"=>"America/New_York", "image"=>"https://avatars.slack-edge.com/2017-05-20/186122847829_5e70481d42b638de7260_512.jpg", "email"=>"loganjmorales@gmail.com", "search"=>"chinese", "entry"=>{"name"=>"Logan Morales", "user_name"=>"moralesl5", "tz"=>"America/New_York", "image"=>"https://avatars.slack-edge.com/2017-05-20/186122847829_5e70481d42b638de7260_512.jpg", "email"=>"loganjmorales@gmail.com", "search"=>"chinese"}}
Unpermitted parameters: :search, :entry
  [1m[35m (1.1ms)[0m  [1m[36mbegin transaction[0m
  [1m[35mSQL (8.4ms)[0m  [1m[32mINSERT INTO "entries" ("name", "user_name", "tz", "image", "email", "created_at", "updated_at") VALUES (?, ?, ?, ?, ?, ?, ?)[0m  [["name", "Logan Morales"], ["user_name", "moralesl5"], ["tz", "America/New_York"], ["image", "https://avatars.slack-edge.com/2017-05-20/186122847829_5e70481d42b638de7260_512.jpg"], ["email", "loganjmorales@gmail.com"], ["created_at", "2017-08-11 18:23:09.459487"], ["updated_at", "2017-08-11 18:23:09.459487"]]
  [1m[35m (1.0ms)[0m  [1m[36mcommit transaction[0m
Completed 200 OK in 231ms (Views: 31.1ms | ActiveRecord: 10.5ms)


  [1m[36mEntry Load (25.8ms)[0m  [1m[34mSELECT  "entries".* FROM "entries" LIMIT ?[0m  [["LIMIT", 11]]
Started POST "/entries" for 127.0.0.1 at 2017-08-11 15:00:08 -0400
  [1m[35m (0.8ms)[0m  [1m[34mSELECT "schema_migrations"."version" FROM "schema_migrations" ORDER BY "schema_migrations"."version" ASC[0m
Processing by EntriesController#create as HTML
  Parameters: {"name"=>"Logan Morales", "user_name"=>"moralesl5", "tz"=>"America/New_York", "image"=>"https://avatars.slack-edge.com/2017-05-20/186122847829_5e70481d42b638de7260_512.jpg", "email"=>"loganjmorales@gmail.com", "search"=>"pizza", "entry"=>{"name"=>"Logan Morales", "user_name"=>"moralesl5", "tz"=>"America/New_York", "image"=>"https://avatars.slack-edge.com/2017-05-20/186122847829_5e70481d42b638de7260_512.jpg", "email"=>"loganjmorales@gmail.com", "search"=>"pizza"}}
Unpermitted parameter: :entry
  [1m[35m (0.4ms)[0m  [1m[36mbegin transaction[0m
  [1m[35mSQL (1.4ms)[0m  [1m[32mINSERT INTO "entries" ("name", "user_name", "tz", "image", "email", "search", "created_at", "updated_at") VALUES (?, ?, ?, ?, ?, ?, ?, ?)[0m  [["name", "Logan Morales"], ["user_name", "moralesl5"], ["tz", "America/New_York"], ["image", "https://avatars.slack-edge.com/2017-05-20/186122847829_5e70481d42b638de7260_512.jpg"], ["email", "loganjmorales@gmail.com"], ["search", "pizza"], ["created_at", "2017-08-11 19:00:09.401002"], ["updated_at", "2017-08-11 19:00:09.401002"]]
  [1m[35m (3.1ms)[0m  [1m[36mcommit transaction[0m
Completed 200 OK in 51ms (Views: 2.1ms | ActiveRecord: 7.7ms)


  [1m[36mEntry Load (64.0ms)[0m  [1m[34mSELECT  "entries".* FROM "entries" ORDER BY "entries"."id" DESC LIMIT ?[0m  [["LIMIT", 1]]
  [1m[35m (0.5ms)[0m  [1m[34mSELECT "schema_migrations"."version" FROM "schema_migrations" ORDER BY "schema_migrations"."version" ASC[0m
  [1m[35m (0.1ms)[0m  [1m[34mSELECT "schema_migrations"."version" FROM "schema_migrations" ORDER BY "schema_migrations"."version" ASC[0m
Migrating to CreateEntries (20170811154026)
  [1m[35m (0.1ms)[0m  [1m[36mbegin transaction[0m
  [1m[35m (1.7ms)[0m  [1m[35mDROP TABLE "entries"[0m
  [1m[35mSQL (1.5ms)[0m  [1m[31mDELETE FROM "schema_migrations" WHERE "schema_migrations"."version" = ?[0m  [["version", "20170811154026"]]
  [1m[35m (1.7ms)[0m  [1m[36mcommit transaction[0m
  [1m[35m (0.3ms)[0m  [1m[34mSELECT "schema_migrations"."version" FROM "schema_migrations" ORDER BY "schema_migrations"."version" ASC[0m
  [1m[35m (0.3ms)[0m  [1m[34mSELECT "schema_migrations"."version" FROM "schema_migrations" ORDER BY "schema_migrations"."version" ASC[0m
Migrating to CreateEntries (20170811154026)
  [1m[35m (0.2ms)[0m  [1m[36mbegin transaction[0m
  [1m[35m (0.3ms)[0m  [1m[34mSELECT sqlite_version(*)[0m
  [1m[35m (14.8ms)[0m  [1m[35mCREATE TABLE "entries" ("id" INTEGER PRIMARY KEY AUTOINCREMENT NOT NULL, "name" varchar, "user_name" varchar, "tz" varchar, "image" varchar, "email" varchar, "search" varchar, "location" varchar, "created_at" datetime NOT NULL, "updated_at" datetime NOT NULL)[0m
  [1m[35mSQL (13.9ms)[0m  [1m[32mINSERT INTO "schema_migrations" ("version") VALUES (?)[0m  [["version", "20170811154026"]]
  [1m[35m (23.1ms)[0m  [1m[36mcommit transaction[0m
  [1m[36mActiveRecord::InternalMetadata Load (2.1ms)[0m  [1m[34mSELECT  "ar_internal_metadata".* FROM "ar_internal_metadata" WHERE "ar_internal_metadata"."key" = ? LIMIT ?[0m  [["key", "environment"], ["LIMIT", 1]]
  [1m[35m (0.1ms)[0m  [1m[36mbegin transaction[0m
  [1m[35m (0.1ms)[0m  [1m[36mcommit transaction[0m
  [1m[35m (0.7ms)[0m  [1m[34mSELECT "schema_migrations"."version" FROM "schema_migrations" ORDER BY "schema_migrations"."version" ASC[0m
  [1m[36mEntry Load (33.9ms)[0m  [1m[34mSELECT  "entries".* FROM "entries" LIMIT ?[0m  [["LIMIT", 11]]
Started POST "/entries" for 127.0.0.1 at 2017-08-11 15:04:57 -0400
  [1m[35m (0.4ms)[0m  [1m[34mSELECT "schema_migrations"."version" FROM "schema_migrations" ORDER BY "schema_migrations"."version" ASC[0m
Processing by EntriesController#create as HTML
  Parameters: {"name"=>"Logan Morales", "user_name"=>"moralesl5", "tz"=>"America/New_York", "image"=>"https://avatars.slack-edge.com/2017-05-20/186122847829_5e70481d42b638de7260_512.jpg", "email"=>"loganjmorales@gmail.com", "search"=>"burgers", "location"=>"10 E 21st St, New York, NY 10010, USA", "entry"=>{"name"=>"Logan Morales", "user_name"=>"moralesl5", "tz"=>"America/New_York", "image"=>"https://avatars.slack-edge.com/2017-05-20/186122847829_5e70481d42b638de7260_512.jpg", "email"=>"loganjmorales@gmail.com", "search"=>"burgers", "location"=>"10 E 21st St, New York, NY 10010, USA"}}
Unpermitted parameter: :entry
  [1m[35m (0.2ms)[0m  [1m[36mbegin transaction[0m
  [1m[35mSQL (0.7ms)[0m  [1m[32mINSERT INTO "entries" ("name", "user_name", "tz", "image", "email", "search", "location", "created_at", "updated_at") VALUES (?, ?, ?, ?, ?, ?, ?, ?, ?)[0m  [["name", "Logan Morales"], ["user_name", "moralesl5"], ["tz", "America/New_York"], ["image", "https://avatars.slack-edge.com/2017-05-20/186122847829_5e70481d42b638de7260_512.jpg"], ["email", "loganjmorales@gmail.com"], ["search", "burgers"], ["location", "10 E 21st St, New York, NY 10010, USA"], ["created_at", "2017-08-11 19:04:59.095411"], ["updated_at", "2017-08-11 19:04:59.095411"]]
  [1m[35m (3.1ms)[0m  [1m[36mcommit transaction[0m
Completed 200 OK in 115ms (Views: 5.7ms | ActiveRecord: 7.2ms)


  [1m[36mEntry Load (2.6ms)[0m  [1m[34mSELECT  "entries".* FROM "entries" LIMIT ?[0m  [["LIMIT", 11]]
  [1m[36mEntry Load (3.0ms)[0m  [1m[34mSELECT  "entries".* FROM "entries" LIMIT ?[0m  [["LIMIT", 11]]
  [1m[36mEntry Load (17.7ms)[0m  [1m[34mSELECT  "entries".* FROM "entries" ORDER BY "entries"."id" ASC LIMIT ?[0m  [["LIMIT", 1]]
Started POST "/entries" for 127.0.0.1 at 2017-08-11 15:21:09 -0400
Processing by EntriesController#create as HTML
  Parameters: {"name"=>"Peter Hoang", "user_name"=>"phoang", "tz"=>"America/New_York", "image"=>"https://avatars.slack-edge.com/2017-05-22/185764335281_b580b27c37a9bc3716d5_512.png", "email"=>"pthoang6@gmail.com", "search"=>"american", "location"=>"10 E 21st St, New York, NY 10010, USA", "entry"=>{"name"=>"Peter Hoang", "user_name"=>"phoang", "tz"=>"America/New_York", "image"=>"https://avatars.slack-edge.com/2017-05-22/185764335281_b580b27c37a9bc3716d5_512.png", "email"=>"pthoang6@gmail.com", "search"=>"american", "location"=>"10 E 21st St, New York, NY 10010, USA"}}
Unpermitted parameter: :entry
  [1m[35m (0.2ms)[0m  [1m[36mbegin transaction[0m
  [1m[35mSQL (6.8ms)[0m  [1m[32mINSERT INTO "entries" ("name", "user_name", "tz", "image", "email", "search", "location", "created_at", "updated_at") VALUES (?, ?, ?, ?, ?, ?, ?, ?, ?)[0m  [["name", "Peter Hoang"], ["user_name", "phoang"], ["tz", "America/New_York"], ["image", "https://avatars.slack-edge.com/2017-05-22/185764335281_b580b27c37a9bc3716d5_512.png"], ["email", "pthoang6@gmail.com"], ["search", "american"], ["location", "10 E 21st St, New York, NY 10010, USA"], ["created_at", "2017-08-11 19:21:10.489153"], ["updated_at", "2017-08-11 19:21:10.489153"]]
  [1m[35m (3.9ms)[0m  [1m[36mcommit transaction[0m
Completed 200 OK in 457ms (Views: 39.8ms | ActiveRecord: 36.9ms)


  [1m[36mEntry Load (18.6ms)[0m  [1m[34mSELECT  "entries".* FROM "entries" ORDER BY "entries"."id" DESC LIMIT ?[0m  [["LIMIT", 1]]
  [1m[36mEntry Load (4.1ms)[0m  [1m[34mSELECT  "entries".* FROM "entries" ORDER BY "entries"."id" DESC LIMIT ?[0m  [["LIMIT", 1]]
Started POST "/entries" for 127.0.0.1 at 2017-08-11 15:44:10 -0400
  [1m[35m (0.6ms)[0m  [1m[34mSELECT "schema_migrations"."version" FROM "schema_migrations" ORDER BY "schema_migrations"."version" ASC[0m
Processing by EntriesController#create as HTML
  Parameters: {"name"=>"Logan Morales", "user_name"=>"moralesl5", "tz"=>"America/New_York", "image"=>"https://avatars.slack-edge.com/2017-05-20/186122847829_5e70481d42b638de7260_512.jpg", "email"=>"loganjmorales@gmail.com", "search"=>"fruit", "location"=>"10 E 21st St, New York, NY 10010, USA", "entry"=>{"name"=>"Logan Morales", "user_name"=>"moralesl5", "tz"=>"America/New_York", "image"=>"https://avatars.slack-edge.com/2017-05-20/186122847829_5e70481d42b638de7260_512.jpg", "email"=>"loganjmorales@gmail.com", "search"=>"fruit", "location"=>"10 E 21st St, New York, NY 10010, USA"}}
Unpermitted parameter: :entry
  [1m[35m (0.8ms)[0m  [1m[36mbegin transaction[0m
  [1m[35mSQL (14.2ms)[0m  [1m[32mINSERT INTO "entries" ("name", "user_name", "tz", "image", "email", "search", "location", "created_at", "updated_at") VALUES (?, ?, ?, ?, ?, ?, ?, ?, ?)[0m  [["name", "Logan Morales"], ["user_name", "moralesl5"], ["tz", "America/New_York"], ["image", "https://avatars.slack-edge.com/2017-05-20/186122847829_5e70481d42b638de7260_512.jpg"], ["email", "loganjmorales@gmail.com"], ["search", "fruit"], ["location", "10 E 21st St, New York, NY 10010, USA"], ["created_at", "2017-08-11 19:44:11.601884"], ["updated_at", "2017-08-11 19:44:11.601884"]]
  [1m[35m (3.4ms)[0m  [1m[36mcommit transaction[0m
Completed 200 OK in 95ms (Views: 7.4ms | ActiveRecord: 20.5ms)


  [1m[36mEntry Load (1.9ms)[0m  [1m[34mSELECT  "entries".* FROM "entries" ORDER BY "entries"."id" DESC LIMIT ?[0m  [["LIMIT", 1]]
  [1m[36mEntry Load (2.2ms)[0m  [1m[34mSELECT  "entries".* FROM "entries" LIMIT ?[0m  [["LIMIT", 11]]
  [1m[36mEntry Load (0.3ms)[0m  [1m[34mSELECT  "entries".* FROM "entries" ORDER BY "entries"."id" DESC LIMIT ?[0m  [["LIMIT", 1]]
  [1m[36mEntry Load (0.3ms)[0m  [1m[34mSELECT  "entries".* FROM "entries" WHERE "entries"."id" = ? LIMIT ?[0m  [["id", 3], ["LIMIT", 1]]
  [1m[36mEntry Load (0.2ms)[0m  [1m[34mSELECT  "entries".* FROM "entries" WHERE "entries"."id" = ? LIMIT ?[0m  [["id", 2], ["LIMIT", 1]]
  [1m[35m (0.6ms)[0m  [1m[34mSELECT "schema_migrations"."version" FROM "schema_migrations" ORDER BY "schema_migrations"."version" ASC[0m
  [1m[35m (0.1ms)[0m  [1m[34mSELECT "schema_migrations"."version" FROM "schema_migrations" ORDER BY "schema_migrations"."version" ASC[0m
Migrating to CreateEntries (20170811154026)
  [1m[35m (0.1ms)[0m  [1m[36mbegin transaction[0m
  [1m[35m (2.0ms)[0m  [1m[35mDROP TABLE "entries"[0m
  [1m[35mSQL (0.7ms)[0m  [1m[31mDELETE FROM "schema_migrations" WHERE "schema_migrations"."version" = ?[0m  [["version", "20170811154026"]]
  [1m[35m (1.1ms)[0m  [1m[36mcommit transaction[0m
  [1m[35m (0.1ms)[0m  [1m[34mSELECT "schema_migrations"."version" FROM "schema_migrations" ORDER BY "schema_migrations"."version" ASC[0m
  [1m[35m (0.1ms)[0m  [1m[34mSELECT "schema_migrations"."version" FROM "schema_migrations" ORDER BY "schema_migrations"."version" ASC[0m
Migrating to CreateEntries (20170811154026)
  [1m[35m (0.1ms)[0m  [1m[36mbegin transaction[0m
  [1m[35m (0.1ms)[0m  [1m[34mSELECT sqlite_version(*)[0m
  [1m[35m (0.5ms)[0m  [1m[35mCREATE TABLE "entries" ("id" INTEGER PRIMARY KEY AUTOINCREMENT NOT NULL, "name" varchar, "user_name" varchar, "tz" varchar, "image" varchar, "email" varchar, "search" varchar, "location" varchar, "count" integer, "created_at" datetime NOT NULL, "updated_at" datetime NOT NULL)[0m
  [1m[35mSQL (0.2ms)[0m  [1m[32mINSERT INTO "schema_migrations" ("version") VALUES (?)[0m  [["version", "20170811154026"]]
  [1m[35m (9.3ms)[0m  [1m[36mcommit transaction[0m
  [1m[36mActiveRecord::InternalMetadata Load (0.3ms)[0m  [1m[34mSELECT  "ar_internal_metadata".* FROM "ar_internal_metadata" WHERE "ar_internal_metadata"."key" = ? LIMIT ?[0m  [["key", "environment"], ["LIMIT", 1]]
  [1m[35m (0.1ms)[0m  [1m[36mbegin transaction[0m
  [1m[35m (0.1ms)[0m  [1m[36mcommit transaction[0m
  [1m[35m (0.1ms)[0m  [1m[34mSELECT "schema_migrations"."version" FROM "schema_migrations" ORDER BY "schema_migrations"."version" ASC[0m
  [1m[36mEntry Load (2.1ms)[0m  [1m[34mSELECT  "entries".* FROM "entries" LIMIT ?[0m  [["LIMIT", 11]]
  [1m[36mEntry Load (7.4ms)[0m  [1m[34mSELECT  "entries".* FROM "entries" LIMIT ?[0m  [["LIMIT", 11]]
Started POST "/entries" for 127.0.0.1 at 2017-08-14 10:11:46 -0400
  [1m[35m (0.2ms)[0m  [1m[34mSELECT "schema_migrations"."version" FROM "schema_migrations" ORDER BY "schema_migrations"."version" ASC[0m
Processing by EntriesController#create as HTML
  Parameters: {"name"=>"Logan Morales", "user_name"=>"moralesl5", "tz"=>"America/New_York", "image"=>"https://avatars.slack-edge.com/2017-05-20/186122847829_5e70481d42b638de7260_512.jpg", "email"=>"loganjmorales@gmail.com", "search"=>"tacos", "location"=>"10 E 21st St, New York, NY 10010, USA", "entry"=>{"name"=>"Logan Morales", "user_name"=>"moralesl5", "tz"=>"America/New_York", "image"=>"https://avatars.slack-edge.com/2017-05-20/186122847829_5e70481d42b638de7260_512.jpg", "email"=>"loganjmorales@gmail.com", "search"=>"tacos", "location"=>"10 E 21st St, New York, NY 10010, USA"}}
Unpermitted parameter: :entry
  [1m[35m (0.1ms)[0m  [1m[36mbegin transaction[0m
  [1m[35mSQL (2.1ms)[0m  [1m[32mINSERT INTO "entries" ("name", "user_name", "tz", "image", "email", "search", "location", "created_at", "updated_at") VALUES (?, ?, ?, ?, ?, ?, ?, ?, ?)[0m  [["name", "Logan Morales"], ["user_name", "moralesl5"], ["tz", "America/New_York"], ["image", "https://avatars.slack-edge.com/2017-05-20/186122847829_5e70481d42b638de7260_512.jpg"], ["email", "loganjmorales@gmail.com"], ["search", "tacos"], ["location", "10 E 21st St, New York, NY 10010, USA"], ["created_at", "2017-08-14 14:11:47.406671"], ["updated_at", "2017-08-14 14:11:47.406671"]]
  [1m[35m (3.6ms)[0m  [1m[36mcommit transaction[0m
Completed 200 OK in 37ms (Views: 2.3ms | ActiveRecord: 7.1ms)


  [1m[36mEntry Load (0.3ms)[0m  [1m[34mSELECT  "entries".* FROM "entries" LIMIT ?[0m  [["LIMIT", 11]]
Started POST "/entries" for 127.0.0.1 at 2017-08-14 10:30:57 -0400
Processing by EntriesController#create as HTML
  Parameters: {"name"=>"Logan Morales", "user_name"=>"moralesl5", "tz"=>"America/New_York", "image"=>"https://avatars.slack-edge.com/2017-05-20/186122847829_5e70481d42b638de7260_512.jpg", "email"=>"loganjmorales@gmail.com", "search"=>"burgers", "location"=>"10 E 21st St, New York, NY 10010, USA", "entry"=>{"name"=>"Logan Morales", "user_name"=>"moralesl5", "tz"=>"America/New_York", "image"=>"https://avatars.slack-edge.com/2017-05-20/186122847829_5e70481d42b638de7260_512.jpg", "email"=>"loganjmorales@gmail.com", "search"=>"burgers", "location"=>"10 E 21st St, New York, NY 10010, USA"}}
Unpermitted parameter: :entry
  [1m[35m (0.2ms)[0m  [1m[36mbegin transaction[0m
  [1m[35mSQL (2.2ms)[0m  [1m[32mINSERT INTO "entries" ("name", "user_name", "tz", "image", "email", "search", "location", "created_at", "updated_at") VALUES (?, ?, ?, ?, ?, ?, ?, ?, ?)[0m  [["name", "Logan Morales"], ["user_name", "moralesl5"], ["tz", "America/New_York"], ["image", "https://avatars.slack-edge.com/2017-05-20/186122847829_5e70481d42b638de7260_512.jpg"], ["email", "loganjmorales@gmail.com"], ["search", "burgers"], ["location", "10 E 21st St, New York, NY 10010, USA"], ["created_at", "2017-08-14 14:30:57.049674"], ["updated_at", "2017-08-14 14:30:57.049674"]]
  [1m[35m (1.0ms)[0m  [1m[36mcommit transaction[0m
Completed 200 OK in 33ms (Views: 6.2ms | ActiveRecord: 4.1ms)


  [1m[36mEntry Load (2.5ms)[0m  [1m[34mSELECT  "entries".* FROM "entries" ORDER BY "entries"."id" DESC LIMIT ?[0m  [["LIMIT", 1]]
Started GET "/entries" for 127.0.0.1 at 2017-08-14 11:43:11 -0400
Processing by EntriesController#index as */*
  [1m[36mEntry Load (2.2ms)[0m  [1m[34mSELECT "entries".* FROM "entries"[0m
Completed 200 OK in 52ms (Views: 42.6ms | ActiveRecord: 2.2ms)


Started GET "/entries" for 127.0.0.1 at 2017-08-14 11:47:27 -0400
Processing by EntriesController#index as */*
  [1m[36mEntry Load (0.3ms)[0m  [1m[34mSELECT "entries".* FROM "entries"[0m
Completed 200 OK in 3ms (Views: 2.5ms | ActiveRecord: 0.3ms)


Started GET "/entries" for 127.0.0.1 at 2017-08-14 12:15:48 -0400
  [1m[35m (0.6ms)[0m  [1m[34mSELECT "schema_migrations"."version" FROM "schema_migrations" ORDER BY "schema_migrations"."version" ASC[0m
Processing by EntriesController#index as */*
  [1m[36mEntry Load (2.4ms)[0m  [1m[34mSELECT "entries".* FROM "entries"[0m
Completed 200 OK in 45ms (Views: 35.2ms | ActiveRecord: 3.7ms)


Started GET "/entries" for 127.0.0.1 at 2017-08-14 12:35:07 -0400
Processing by EntriesController#index as */*
  [1m[36mEntry Load (0.6ms)[0m  [1m[34mSELECT "entries".* FROM "entries"[0m
Completed 200 OK in 21ms (Views: 14.7ms | ActiveRecord: 1.7ms)


Started GET "/entries" for 127.0.0.1 at 2017-08-14 12:35:30 -0400
Processing by EntriesController#index as */*
  [1m[36mEntry Load (0.2ms)[0m  [1m[34mSELECT "entries".* FROM "entries"[0m
Completed 200 OK in 3ms (Views: 2.4ms | ActiveRecord: 0.2ms)


Started POST "/entries" for 127.0.0.1 at 2017-08-14 12:38:54 -0400
Processing by EntriesController#create as HTML
  Parameters: {"name"=>"Sharon Moskal", "user_name"=>"sharoncarat", "tz"=>"America/New_York", "image"=>"https://avatars.slack-edge.com/2017-05-22/187153739063_bd239991f6823c02669f_512.jpg", "email"=>"sharonmoskal@icloud.com", "search"=>"pizza", "location"=>"10 E 21st St, New York, NY 10010, USA", "entry"=>{"name"=>"Sharon Moskal", "user_name"=>"sharoncarat", "tz"=>"America/New_York", "image"=>"https://avatars.slack-edge.com/2017-05-22/187153739063_bd239991f6823c02669f_512.jpg", "email"=>"sharonmoskal@icloud.com", "search"=>"pizza", "location"=>"10 E 21st St, New York, NY 10010, USA"}}
Unpermitted parameter: :entry
  [1m[35m (0.3ms)[0m  [1m[36mbegin transaction[0m
  [1m[35mSQL (1.2ms)[0m  [1m[32mINSERT INTO "entries" ("name", "user_name", "tz", "image", "email", "search", "location", "created_at", "updated_at") VALUES (?, ?, ?, ?, ?, ?, ?, ?, ?)[0m  [["name", "Sharon Moskal"], ["user_name", "sharoncarat"], ["tz", "America/New_York"], ["image", "https://avatars.slack-edge.com/2017-05-22/187153739063_bd239991f6823c02669f_512.jpg"], ["email", "sharonmoskal@icloud.com"], ["search", "pizza"], ["location", "10 E 21st St, New York, NY 10010, USA"], ["created_at", "2017-08-14 16:38:54.643279"], ["updated_at", "2017-08-14 16:38:54.643279"]]
  [1m[35m (1.1ms)[0m  [1m[36mcommit transaction[0m
Completed 200 OK in 15ms (Views: 0.7ms | ActiveRecord: 2.6ms)


  [1m[36mEntry Load (1.9ms)[0m  [1m[34mSELECT  "entries".* FROM "entries" ORDER BY "entries"."id" DESC LIMIT ?[0m  [["LIMIT", 1]]
Started GET "/entries" for 127.0.0.1 at 2017-08-14 12:39:19 -0400
Processing by EntriesController#index as */*
  [1m[36mEntry Load (0.8ms)[0m  [1m[34mSELECT "entries".* FROM "entries"[0m
Completed 200 OK in 5ms (Views: 3.5ms | ActiveRecord: 0.8ms)


Started GET "/entries" for 127.0.0.1 at 2017-08-14 12:48:49 -0400
Processing by EntriesController#index as */*
  [1m[36mEntry Load (0.4ms)[0m  [1m[34mSELECT "entries".* FROM "entries"[0m
Completed 200 OK in 3ms (Views: 2.6ms | ActiveRecord: 0.4ms)


Started GET "/entries" for 127.0.0.1 at 2017-08-14 12:49:34 -0400
Processing by EntriesController#index as */*
  [1m[36mEntry Load (0.3ms)[0m  [1m[34mSELECT "entries".* FROM "entries"[0m
Completed 200 OK in 4ms (Views: 2.9ms | ActiveRecord: 0.3ms)


Started GET "/entries" for 127.0.0.1 at 2017-08-14 12:50:09 -0400
Processing by EntriesController#index as */*
  [1m[36mEntry Load (0.2ms)[0m  [1m[34mSELECT "entries".* FROM "entries"[0m
Completed 200 OK in 3ms (Views: 2.9ms | ActiveRecord: 0.2ms)


Started GET "/entries" for 127.0.0.1 at 2017-08-14 12:52:30 -0400
Processing by EntriesController#index as */*
  [1m[36mEntry Load (0.6ms)[0m  [1m[34mSELECT "entries".* FROM "entries"[0m
Completed 200 OK in 4ms (Views: 3.3ms | ActiveRecord: 0.6ms)


Started GET "/entries" for 127.0.0.1 at 2017-08-14 12:52:58 -0400
Processing by EntriesController#index as */*
  [1m[36mEntry Load (0.3ms)[0m  [1m[34mSELECT "entries".* FROM "entries"[0m
Completed 200 OK in 5ms (Views: 4.1ms | ActiveRecord: 0.3ms)


Started GET "/entries" for 127.0.0.1 at 2017-08-14 13:47:15 -0400
Processing by EntriesController#index as */*
  [1m[36mEntry Load (1.9ms)[0m  [1m[34mSELECT "entries".* FROM "entries"[0m
Completed 200 OK in 24ms (Views: 17.7ms | ActiveRecord: 1.9ms)


Started GET "/entries" for 127.0.0.1 at 2017-08-14 13:47:54 -0400
Processing by EntriesController#index as */*
  [1m[36mEntry Load (0.4ms)[0m  [1m[34mSELECT "entries".* FROM "entries"[0m
Completed 200 OK in 3ms (Views: 2.6ms | ActiveRecord: 0.4ms)


Started GET "/entries" for 127.0.0.1 at 2017-08-14 13:48:30 -0400
Processing by EntriesController#index as */*
  [1m[36mEntry Load (0.3ms)[0m  [1m[34mSELECT "entries".* FROM "entries"[0m
Completed 200 OK in 3ms (Views: 2.6ms | ActiveRecord: 0.3ms)


Started GET "/entries" for 127.0.0.1 at 2017-08-14 13:55:53 -0400
Processing by EntriesController#index as */*
  [1m[36mEntry Load (0.3ms)[0m  [1m[34mSELECT "entries".* FROM "entries"[0m
Completed 200 OK in 5ms (Views: 3.8ms | ActiveRecord: 0.3ms)


Started GET "/entries" for 127.0.0.1 at 2017-08-14 14:05:12 -0400
Processing by EntriesController#index as */*
  [1m[36mEntry Load (1.2ms)[0m  [1m[34mSELECT "entries".* FROM "entries"[0m
Completed 200 OK in 24ms (Views: 19.1ms | ActiveRecord: 1.2ms)


Started GET "/entries" for 127.0.0.1 at 2017-08-14 14:05:15 -0400
Processing by EntriesController#index as */*
  [1m[36mEntry Load (0.4ms)[0m  [1m[34mSELECT "entries".* FROM "entries"[0m
Completed 200 OK in 4ms (Views: 3.3ms | ActiveRecord: 0.4ms)


Started GET "/entries" for 127.0.0.1 at 2017-08-14 14:05:47 -0400
Processing by EntriesController#index as */*
  [1m[36mEntry Load (0.4ms)[0m  [1m[34mSELECT "entries".* FROM "entries"[0m
Completed 200 OK in 3ms (Views: 2.4ms | ActiveRecord: 0.4ms)


Started GET "/entries" for 127.0.0.1 at 2017-08-14 14:06:24 -0400
Processing by EntriesController#index as */*
  [1m[36mEntry Load (0.4ms)[0m  [1m[34mSELECT "entries".* FROM "entries"[0m
Completed 200 OK in 4ms (Views: 2.8ms | ActiveRecord: 0.4ms)


Started GET "/entries" for 127.0.0.1 at 2017-08-14 14:06:40 -0400
Processing by EntriesController#index as */*
  [1m[36mEntry Load (0.5ms)[0m  [1m[34mSELECT "entries".* FROM "entries"[0m
Completed 200 OK in 3ms (Views: 2.4ms | ActiveRecord: 0.5ms)


Started GET "/entries" for 127.0.0.1 at 2017-08-14 14:09:56 -0400
Processing by EntriesController#index as */*
  [1m[36mEntry Load (1.1ms)[0m  [1m[34mSELECT "entries".* FROM "entries"[0m
Completed 200 OK in 19ms (Views: 14.6ms | ActiveRecord: 1.1ms)


Started GET "/entries" for 127.0.0.1 at 2017-08-14 14:10:03 -0400
Processing by EntriesController#index as */*
  [1m[36mEntry Load (0.5ms)[0m  [1m[34mSELECT "entries".* FROM "entries"[0m
Completed 200 OK in 4ms (Views: 3.0ms | ActiveRecord: 0.5ms)


Started GET "/entries" for 127.0.0.1 at 2017-08-14 14:11:28 -0400
Processing by EntriesController#index as */*
  [1m[36mEntry Load (0.2ms)[0m  [1m[34mSELECT "entries".* FROM "entries"[0m
Completed 200 OK in 3ms (Views: 2.7ms | ActiveRecord: 0.2ms)


Started GET "/entries" for 127.0.0.1 at 2017-08-14 14:13:20 -0400
Processing by EntriesController#index as */*
  [1m[36mEntry Load (0.3ms)[0m  [1m[34mSELECT "entries".* FROM "entries"[0m
Completed 200 OK in 3ms (Views: 2.5ms | ActiveRecord: 0.3ms)


Started GET "/entries" for 127.0.0.1 at 2017-08-14 14:13:29 -0400
Processing by EntriesController#index as */*
  [1m[36mEntry Load (0.3ms)[0m  [1m[34mSELECT "entries".* FROM "entries"[0m
Completed 200 OK in 4ms (Views: 3.1ms | ActiveRecord: 0.3ms)


Started GET "/entries" for 127.0.0.1 at 2017-08-14 14:13:38 -0400
Processing by EntriesController#index as */*
  [1m[36mEntry Load (0.2ms)[0m  [1m[34mSELECT "entries".* FROM "entries"[0m
Completed 200 OK in 2ms (Views: 1.9ms | ActiveRecord: 0.2ms)


Started GET "/entries" for 127.0.0.1 at 2017-08-14 14:15:55 -0400
Processing by EntriesController#index as */*
  [1m[36mEntry Load (1.5ms)[0m  [1m[34mSELECT "entries".* FROM "entries"[0m
Completed 200 OK in 21ms (Views: 16.1ms | ActiveRecord: 1.5ms)


Started GET "/entries" for 127.0.0.1 at 2017-08-14 16:10:07 -0400
Processing by EntriesController#index as */*
  [1m[36mEntry Load (3.7ms)[0m  [1m[34mSELECT "entries".* FROM "entries"[0m
Completed 200 OK in 21ms (Views: 14.1ms | ActiveRecord: 3.7ms)


Started GET "/entries" for 127.0.0.1 at 2017-08-14 16:21:38 -0400
Processing by EntriesController#index as */*
  [1m[36mEntry Load (1.5ms)[0m  [1m[34mSELECT "entries".* FROM "entries"[0m
Completed 200 OK in 23ms (Views: 16.5ms | ActiveRecord: 1.5ms)


Started GET "/entries" for 127.0.0.1 at 2017-08-14 16:22:14 -0400
Processing by EntriesController#index as */*
  [1m[36mEntry Load (0.5ms)[0m  [1m[34mSELECT "entries".* FROM "entries"[0m
Completed 200 OK in 4ms (Views: 3.1ms | ActiveRecord: 0.5ms)


Started GET "/entries" for 127.0.0.1 at 2017-08-14 16:23:15 -0400
Processing by EntriesController#index as */*
  [1m[36mEntry Load (0.3ms)[0m  [1m[34mSELECT "entries".* FROM "entries"[0m
Completed 200 OK in 3ms (Views: 2.0ms | ActiveRecord: 0.3ms)


Started GET "/entries" for 127.0.0.1 at 2017-08-14 16:23:26 -0400
Processing by EntriesController#index as */*
  [1m[36mEntry Load (0.6ms)[0m  [1m[34mSELECT "entries".* FROM "entries"[0m
Completed 200 OK in 5ms (Views: 3.8ms | ActiveRecord: 0.6ms)


Started GET "/entries" for 127.0.0.1 at 2017-08-14 16:24:08 -0400
Processing by EntriesController#index as */*
  [1m[36mEntry Load (0.3ms)[0m  [1m[34mSELECT "entries".* FROM "entries"[0m
Completed 200 OK in 4ms (Views: 3.7ms | ActiveRecord: 0.3ms)


Started GET "/entries" for 127.0.0.1 at 2017-08-14 16:24:34 -0400
Processing by EntriesController#index as */*
  [1m[36mEntry Load (0.3ms)[0m  [1m[34mSELECT "entries".* FROM "entries"[0m
Completed 200 OK in 3ms (Views: 2.6ms | ActiveRecord: 0.3ms)


Started GET "/entries" for 127.0.0.1 at 2017-08-14 16:24:50 -0400
Processing by EntriesController#index as */*
  [1m[36mEntry Load (0.5ms)[0m  [1m[34mSELECT "entries".* FROM "entries"[0m
Completed 200 OK in 5ms (Views: 3.7ms | ActiveRecord: 0.5ms)


Started GET "/entries" for 127.0.0.1 at 2017-08-14 16:26:28 -0400
Processing by EntriesController#index as */*
  [1m[36mEntry Load (0.5ms)[0m  [1m[34mSELECT "entries".* FROM "entries"[0m
Completed 200 OK in 5ms (Views: 4.1ms | ActiveRecord: 0.5ms)


Started GET "/entries" for 127.0.0.1 at 2017-08-14 16:26:30 -0400
Processing by EntriesController#index as */*
  [1m[36mEntry Load (0.3ms)[0m  [1m[34mSELECT "entries".* FROM "entries"[0m
Completed 200 OK in 4ms (Views: 3.0ms | ActiveRecord: 0.3ms)


Started GET "/entries" for 127.0.0.1 at 2017-08-14 16:27:35 -0400
Processing by EntriesController#index as */*
  [1m[36mEntry Load (0.4ms)[0m  [1m[34mSELECT "entries".* FROM "entries"[0m
Completed 200 OK in 5ms (Views: 4.1ms | ActiveRecord: 0.4ms)


Started GET "/entries" for 127.0.0.1 at 2017-08-14 16:27:42 -0400
Processing by EntriesController#index as */*
  [1m[36mEntry Load (0.4ms)[0m  [1m[34mSELECT "entries".* FROM "entries"[0m
Completed 200 OK in 3ms (Views: 2.5ms | ActiveRecord: 0.4ms)


Started GET "/entries" for 127.0.0.1 at 2017-08-14 16:27:56 -0400
Processing by EntriesController#index as */*
  [1m[36mEntry Load (0.5ms)[0m  [1m[34mSELECT "entries".* FROM "entries"[0m
Completed 200 OK in 6ms (Views: 4.5ms | ActiveRecord: 0.5ms)


Started GET "/entries" for 127.0.0.1 at 2017-08-14 16:28:16 -0400
Processing by EntriesController#index as */*
  [1m[36mEntry Load (0.5ms)[0m  [1m[34mSELECT "entries".* FROM "entries"[0m
Completed 200 OK in 4ms (Views: 2.9ms | ActiveRecord: 0.5ms)


Started GET "/entries" for 127.0.0.1 at 2017-08-14 16:28:18 -0400
Processing by EntriesController#index as */*
  [1m[36mEntry Load (0.4ms)[0m  [1m[34mSELECT "entries".* FROM "entries"[0m
Completed 200 OK in 4ms (Views: 3.2ms | ActiveRecord: 0.4ms)


Started GET "/entries" for 127.0.0.1 at 2017-08-14 16:29:45 -0400
Processing by EntriesController#index as */*
  [1m[36mEntry Load (0.4ms)[0m  [1m[34mSELECT "entries".* FROM "entries"[0m
Completed 200 OK in 39ms (Views: 38.5ms | ActiveRecord: 0.4ms)


Started GET "/entries" for 127.0.0.1 at 2017-08-14 16:29:50 -0400
Processing by EntriesController#index as */*
  [1m[36mEntry Load (0.3ms)[0m  [1m[34mSELECT "entries".* FROM "entries"[0m
Completed 200 OK in 4ms (Views: 3.0ms | ActiveRecord: 0.3ms)


Started GET "/entries" for 127.0.0.1 at 2017-08-14 16:31:02 -0400
Processing by EntriesController#index as */*
  [1m[36mEntry Load (0.2ms)[0m  [1m[34mSELECT "entries".* FROM "entries"[0m
Completed 200 OK in 3ms (Views: 2.7ms | ActiveRecord: 0.2ms)


Started GET "/entries" for 127.0.0.1 at 2017-08-14 16:31:34 -0400
Processing by EntriesController#index as */*
  [1m[36mEntry Load (0.4ms)[0m  [1m[34mSELECT "entries".* FROM "entries"[0m
Completed 200 OK in 4ms (Views: 3.0ms | ActiveRecord: 0.4ms)


Started GET "/entries" for 127.0.0.1 at 2017-08-14 16:31:39 -0400
Processing by EntriesController#index as */*
  [1m[36mEntry Load (0.3ms)[0m  [1m[34mSELECT "entries".* FROM "entries"[0m
Completed 200 OK in 3ms (Views: 2.6ms | ActiveRecord: 0.3ms)


Started GET "/entries" for 127.0.0.1 at 2017-08-14 16:32:17 -0400
Processing by EntriesController#index as */*
  [1m[36mEntry Load (0.3ms)[0m  [1m[34mSELECT "entries".* FROM "entries"[0m
Completed 200 OK in 4ms (Views: 2.9ms | ActiveRecord: 0.3ms)


Started GET "/entries" for 127.0.0.1 at 2017-08-14 16:32:19 -0400
Processing by EntriesController#index as */*
  [1m[36mEntry Load (0.3ms)[0m  [1m[34mSELECT "entries".* FROM "entries"[0m
Completed 200 OK in 3ms (Views: 2.4ms | ActiveRecord: 0.3ms)


Started GET "/entries" for 127.0.0.1 at 2017-08-14 16:36:14 -0400
Processing by EntriesController#index as */*
  [1m[36mEntry Load (0.4ms)[0m  [1m[34mSELECT "entries".* FROM "entries"[0m
Completed 200 OK in 4ms (Views: 2.9ms | ActiveRecord: 0.4ms)


Started GET "/entries" for 127.0.0.1 at 2017-08-14 16:37:08 -0400
Processing by EntriesController#index as */*
  [1m[36mEntry Load (0.3ms)[0m  [1m[34mSELECT "entries".* FROM "entries"[0m
Completed 200 OK in 3ms (Views: 2.3ms | ActiveRecord: 0.3ms)


Started GET "/entries" for 127.0.0.1 at 2017-08-14 16:37:34 -0400
Processing by EntriesController#index as */*
  [1m[36mEntry Load (0.2ms)[0m  [1m[34mSELECT "entries".* FROM "entries"[0m
Completed 200 OK in 4ms (Views: 3.2ms | ActiveRecord: 0.2ms)


Started GET "/entries" for 127.0.0.1 at 2017-08-14 16:39:22 -0400
Processing by EntriesController#index as */*
  [1m[36mEntry Load (0.4ms)[0m  [1m[34mSELECT "entries".* FROM "entries"[0m
Completed 200 OK in 4ms (Views: 3.6ms | ActiveRecord: 0.4ms)


Started GET "/entries" for 127.0.0.1 at 2017-08-14 16:40:10 -0400
Processing by EntriesController#index as */*
  [1m[36mEntry Load (0.5ms)[0m  [1m[34mSELECT "entries".* FROM "entries"[0m
Completed 200 OK in 4ms (Views: 3.4ms | ActiveRecord: 0.5ms)


Started GET "/entries" for 127.0.0.1 at 2017-08-14 16:40:12 -0400
Processing by EntriesController#index as */*
  [1m[36mEntry Load (0.3ms)[0m  [1m[34mSELECT "entries".* FROM "entries"[0m
Completed 200 OK in 3ms (Views: 2.4ms | ActiveRecord: 0.3ms)


Started GET "/entries" for 127.0.0.1 at 2017-08-14 16:40:21 -0400
Processing by EntriesController#index as */*
  [1m[36mEntry Load (0.4ms)[0m  [1m[34mSELECT "entries".* FROM "entries"[0m
Completed 200 OK in 3ms (Views: 1.9ms | ActiveRecord: 0.4ms)


Started GET "/entries" for 127.0.0.1 at 2017-08-14 16:41:22 -0400
Processing by EntriesController#index as */*
  [1m[36mEntry Load (0.3ms)[0m  [1m[34mSELECT "entries".* FROM "entries"[0m
Completed 200 OK in 3ms (Views: 1.9ms | ActiveRecord: 0.3ms)


Started GET "/entries" for 127.0.0.1 at 2017-08-14 16:41:26 -0400
Processing by EntriesController#index as */*
  [1m[36mEntry Load (0.3ms)[0m  [1m[34mSELECT "entries".* FROM "entries"[0m
Completed 200 OK in 3ms (Views: 2.2ms | ActiveRecord: 0.3ms)


Started GET "/entries" for 127.0.0.1 at 2017-08-14 16:41:35 -0400
Processing by EntriesController#index as */*
  [1m[36mEntry Load (0.3ms)[0m  [1m[34mSELECT "entries".* FROM "entries"[0m
Completed 200 OK in 3ms (Views: 2.3ms | ActiveRecord: 0.3ms)


Started GET "/entries" for 127.0.0.1 at 2017-08-14 16:41:45 -0400
Processing by EntriesController#index as */*
  [1m[36mEntry Load (0.3ms)[0m  [1m[34mSELECT "entries".* FROM "entries"[0m
Completed 200 OK in 3ms (Views: 2.3ms | ActiveRecord: 0.3ms)


Started GET "/entries" for 127.0.0.1 at 2017-08-14 16:41:45 -0400
Processing by EntriesController#index as */*
  [1m[36mEntry Load (0.3ms)[0m  [1m[34mSELECT "entries".* FROM "entries"[0m
Completed 200 OK in 3ms (Views: 2.2ms | ActiveRecord: 0.3ms)


Started GET "/entries" for 127.0.0.1 at 2017-08-14 16:44:34 -0400
Processing by EntriesController#index as */*
  [1m[36mEntry Load (0.4ms)[0m  [1m[34mSELECT "entries".* FROM "entries"[0m
Completed 200 OK in 3ms (Views: 2.5ms | ActiveRecord: 0.4ms)


Started GET "/entries" for 127.0.0.1 at 2017-08-14 16:45:47 -0400
Processing by EntriesController#index as */*
  [1m[36mEntry Load (0.2ms)[0m  [1m[34mSELECT "entries".* FROM "entries"[0m
Completed 200 OK in 3ms (Views: 2.4ms | ActiveRecord: 0.2ms)


Started GET "/entries" for 127.0.0.1 at 2017-08-14 17:00:42 -0400
Processing by EntriesController#index as */*
  [1m[36mEntry Load (1.9ms)[0m  [1m[34mSELECT "entries".* FROM "entries"[0m
Completed 200 OK in 30ms (Views: 14.6ms | ActiveRecord: 1.9ms)


Started GET "/entries" for 127.0.0.1 at 2017-08-14 17:01:51 -0400
Processing by EntriesController#index as */*
  [1m[36mEntry Load (0.7ms)[0m  [1m[34mSELECT "entries".* FROM "entries"[0m
Completed 200 OK in 4ms (Views: 2.9ms | ActiveRecord: 0.7ms)


Started GET "/entries" for 127.0.0.1 at 2017-08-14 17:02:00 -0400
Processing by EntriesController#index as */*
  [1m[36mEntry Load (0.3ms)[0m  [1m[34mSELECT "entries".* FROM "entries"[0m
Completed 200 OK in 3ms (Views: 2.6ms | ActiveRecord: 0.3ms)


Started GET "/entries" for 127.0.0.1 at 2017-08-14 17:05:35 -0400
Processing by EntriesController#index as */*
  [1m[36mEntry Load (0.3ms)[0m  [1m[34mSELECT "entries".* FROM "entries"[0m
Completed 200 OK in 3ms (Views: 2.1ms | ActiveRecord: 0.3ms)


Started GET "/entries" for 127.0.0.1 at 2017-08-14 17:06:45 -0400
Processing by EntriesController#index as */*
  [1m[36mEntry Load (0.4ms)[0m  [1m[34mSELECT "entries".* FROM "entries"[0m
Completed 200 OK in 3ms (Views: 2.5ms | ActiveRecord: 0.4ms)


Started GET "/entries" for 127.0.0.1 at 2017-08-14 17:07:10 -0400
Processing by EntriesController#index as */*
  [1m[36mEntry Load (0.3ms)[0m  [1m[34mSELECT "entries".* FROM "entries"[0m
Completed 200 OK in 4ms (Views: 3.0ms | ActiveRecord: 0.3ms)


Started GET "/entries" for 127.0.0.1 at 2017-08-14 17:08:46 -0400
Processing by EntriesController#index as */*
  [1m[36mEntry Load (0.3ms)[0m  [1m[34mSELECT "entries".* FROM "entries"[0m
Completed 200 OK in 3ms (Views: 2.6ms | ActiveRecord: 0.3ms)


Started GET "/entries" for 127.0.0.1 at 2017-08-14 17:09:27 -0400
Processing by EntriesController#index as */*
  [1m[36mEntry Load (0.4ms)[0m  [1m[34mSELECT "entries".* FROM "entries"[0m
Completed 200 OK in 3ms (Views: 2.3ms | ActiveRecord: 0.4ms)


Started GET "/entries" for 127.0.0.1 at 2017-08-14 17:09:43 -0400
Processing by EntriesController#index as */*
  [1m[36mEntry Load (0.3ms)[0m  [1m[34mSELECT "entries".* FROM "entries"[0m
Completed 200 OK in 4ms (Views: 3.0ms | ActiveRecord: 0.3ms)


Started GET "/entries" for 127.0.0.1 at 2017-08-14 17:10:05 -0400
Processing by EntriesController#index as */*
  [1m[36mEntry Load (0.6ms)[0m  [1m[34mSELECT "entries".* FROM "entries"[0m
Completed 200 OK in 5ms (Views: 3.8ms | ActiveRecord: 0.6ms)


Started GET "/entries" for 127.0.0.1 at 2017-08-14 17:10:31 -0400
Processing by EntriesController#index as */*
  [1m[36mEntry Load (0.4ms)[0m  [1m[34mSELECT "entries".* FROM "entries"[0m
Completed 200 OK in 5ms (Views: 4.3ms | ActiveRecord: 0.4ms)


Started GET "/entries" for 127.0.0.1 at 2017-08-14 17:10:41 -0400
Processing by EntriesController#index as */*
  [1m[36mEntry Load (0.4ms)[0m  [1m[34mSELECT "entries".* FROM "entries"[0m
Completed 200 OK in 26ms (Views: 25.0ms | ActiveRecord: 0.4ms)


Started GET "/entries" for 127.0.0.1 at 2017-08-14 17:10:43 -0400
Processing by EntriesController#index as */*
  [1m[36mEntry Load (0.2ms)[0m  [1m[34mSELECT "entries".* FROM "entries"[0m
Completed 200 OK in 3ms (Views: 2.1ms | ActiveRecord: 0.2ms)


Started GET "/entries" for 127.0.0.1 at 2017-08-14 17:10:54 -0400
Processing by EntriesController#index as */*
  [1m[36mEntry Load (0.3ms)[0m  [1m[34mSELECT "entries".* FROM "entries"[0m
Completed 200 OK in 3ms (Views: 2.6ms | ActiveRecord: 0.3ms)


Started GET "/entries" for 127.0.0.1 at 2017-08-14 17:11:35 -0400
Processing by EntriesController#index as */*
  [1m[36mEntry Load (0.5ms)[0m  [1m[34mSELECT "entries".* FROM "entries"[0m
Completed 200 OK in 4ms (Views: 3.4ms | ActiveRecord: 0.5ms)


Started GET "/entries" for 127.0.0.1 at 2017-08-14 17:11:44 -0400
Processing by EntriesController#index as */*
  [1m[36mEntry Load (0.2ms)[0m  [1m[34mSELECT "entries".* FROM "entries"[0m
Completed 200 OK in 2ms (Views: 1.7ms | ActiveRecord: 0.2ms)


Started GET "/entries" for 127.0.0.1 at 2017-08-14 17:12:39 -0400
Processing by EntriesController#index as */*
  [1m[36mEntry Load (0.3ms)[0m  [1m[34mSELECT "entries".* FROM "entries"[0m
Completed 200 OK in 4ms (Views: 3.1ms | ActiveRecord: 0.3ms)


Started GET "/entries" for 127.0.0.1 at 2017-08-14 17:12:56 -0400
Processing by EntriesController#index as */*
  [1m[36mEntry Load (0.3ms)[0m  [1m[34mSELECT "entries".* FROM "entries"[0m
Completed 200 OK in 4ms (Views: 3.3ms | ActiveRecord: 0.3ms)


Started GET "/entries" for 127.0.0.1 at 2017-08-14 17:13:03 -0400
Processing by EntriesController#index as */*
  [1m[36mEntry Load (0.2ms)[0m  [1m[34mSELECT "entries".* FROM "entries"[0m
Completed 200 OK in 3ms (Views: 2.3ms | ActiveRecord: 0.2ms)


Started GET "/entries" for 127.0.0.1 at 2017-08-14 17:13:44 -0400
Processing by EntriesController#index as */*
  [1m[36mEntry Load (0.4ms)[0m  [1m[34mSELECT "entries".* FROM "entries"[0m
Completed 200 OK in 3ms (Views: 2.4ms | ActiveRecord: 0.4ms)


Started GET "/entries" for 127.0.0.1 at 2017-08-14 17:15:13 -0400
Processing by EntriesController#index as */*
  [1m[36mEntry Load (0.2ms)[0m  [1m[34mSELECT "entries".* FROM "entries"[0m
Completed 200 OK in 3ms (Views: 2.0ms | ActiveRecord: 0.2ms)


Started GET "/entries" for 127.0.0.1 at 2017-08-14 17:18:38 -0400
Processing by EntriesController#index as */*
  [1m[36mEntry Load (1.0ms)[0m  [1m[34mSELECT "entries".* FROM "entries"[0m
Completed 200 OK in 28ms (Views: 21.4ms | ActiveRecord: 1.0ms)


Started GET "/entries" for 127.0.0.1 at 2017-08-14 17:19:20 -0400
Processing by EntriesController#index as */*
  [1m[36mEntry Load (0.6ms)[0m  [1m[34mSELECT "entries".* FROM "entries"[0m
Completed 200 OK in 3ms (Views: 2.1ms | ActiveRecord: 0.6ms)


Started GET "/entries" for 127.0.0.1 at 2017-08-14 17:20:30 -0400
Processing by EntriesController#index as */*
  [1m[36mEntry Load (0.2ms)[0m  [1m[34mSELECT "entries".* FROM "entries"[0m
Completed 200 OK in 3ms (Views: 2.0ms | ActiveRecord: 0.2ms)


Started GET "/entries" for 127.0.0.1 at 2017-08-14 17:22:40 -0400
Processing by EntriesController#index as */*
  [1m[36mEntry Load (2.0ms)[0m  [1m[34mSELECT "entries".* FROM "entries"[0m
Completed 200 OK in 24ms (Views: 17.3ms | ActiveRecord: 2.0ms)


Started GET "/entries" for 127.0.0.1 at 2017-08-14 17:23:44 -0400
Processing by EntriesController#index as */*
  [1m[36mEntry Load (0.5ms)[0m  [1m[34mSELECT "entries".* FROM "entries"[0m
Completed 200 OK in 4ms (Views: 3.1ms | ActiveRecord: 0.5ms)


Started GET "/entries" for 127.0.0.1 at 2017-08-14 17:25:12 -0400
Processing by EntriesController#index as */*
  [1m[36mEntry Load (0.7ms)[0m  [1m[34mSELECT "entries".* FROM "entries"[0m
Completed 200 OK in 5ms (Views: 3.6ms | ActiveRecord: 0.7ms)


Started GET "/entries" for 127.0.0.1 at 2017-08-14 17:25:23 -0400
Processing by EntriesController#index as */*
  [1m[36mEntry Load (0.4ms)[0m  [1m[34mSELECT "entries".* FROM "entries"[0m
Completed 200 OK in 4ms (Views: 3.3ms | ActiveRecord: 0.4ms)


Started GET "/entries" for 127.0.0.1 at 2017-08-14 17:27:25 -0400
Processing by EntriesController#index as */*
  [1m[36mEntry Load (0.4ms)[0m  [1m[34mSELECT "entries".* FROM "entries"[0m
Completed 200 OK in 3ms (Views: 2.3ms | ActiveRecord: 0.4ms)


Started GET "/entries" for 127.0.0.1 at 2017-08-14 17:27:32 -0400
Processing by EntriesController#index as */*
  [1m[36mEntry Load (0.4ms)[0m  [1m[34mSELECT "entries".* FROM "entries"[0m
Completed 200 OK in 3ms (Views: 2.6ms | ActiveRecord: 0.4ms)


Started GET "/entries" for 127.0.0.1 at 2017-08-14 17:27:34 -0400
Processing by EntriesController#index as */*
  [1m[36mEntry Load (0.2ms)[0m  [1m[34mSELECT "entries".* FROM "entries"[0m
Completed 200 OK in 2ms (Views: 1.9ms | ActiveRecord: 0.2ms)


Started GET "/entries" for 127.0.0.1 at 2017-08-14 17:27:38 -0400
Processing by EntriesController#index as */*
  [1m[36mEntry Load (0.3ms)[0m  [1m[34mSELECT "entries".* FROM "entries"[0m
Completed 200 OK in 3ms (Views: 2.3ms | ActiveRecord: 0.3ms)


Started GET "/entries" for 127.0.0.1 at 2017-08-14 17:27:39 -0400
Processing by EntriesController#index as */*
  [1m[36mEntry Load (0.4ms)[0m  [1m[34mSELECT "entries".* FROM "entries"[0m
Completed 200 OK in 4ms (Views: 2.9ms | ActiveRecord: 0.4ms)


Started GET "/entries" for 127.0.0.1 at 2017-08-14 17:27:53 -0400
Processing by EntriesController#index as */*
  [1m[36mEntry Load (0.2ms)[0m  [1m[34mSELECT "entries".* FROM "entries"[0m
Completed 200 OK in 3ms (Views: 2.3ms | ActiveRecord: 0.2ms)


Started GET "/entries" for 127.0.0.1 at 2017-08-14 17:27:57 -0400
Processing by EntriesController#index as */*
  [1m[36mEntry Load (0.2ms)[0m  [1m[34mSELECT "entries".* FROM "entries"[0m
Completed 200 OK in 3ms (Views: 2.5ms | ActiveRecord: 0.2ms)


Started GET "/entries" for 127.0.0.1 at 2017-08-14 17:29:14 -0400
Processing by EntriesController#index as */*
  [1m[36mEntry Load (1.2ms)[0m  [1m[34mSELECT "entries".* FROM "entries"[0m
Completed 200 OK in 23ms (Views: 17.8ms | ActiveRecord: 1.2ms)


Started GET "/entries" for 127.0.0.1 at 2017-08-14 17:29:22 -0400
Processing by EntriesController#index as */*
  [1m[36mEntry Load (0.3ms)[0m  [1m[34mSELECT "entries".* FROM "entries"[0m
Completed 200 OK in 3ms (Views: 2.7ms | ActiveRecord: 0.3ms)


Started GET "/entries" for 127.0.0.1 at 2017-08-14 17:30:05 -0400
Processing by EntriesController#index as */*
  [1m[36mEntry Load (0.3ms)[0m  [1m[34mSELECT "entries".* FROM "entries"[0m
Completed 200 OK in 3ms (Views: 2.3ms | ActiveRecord: 0.3ms)


Started GET "/entries" for 127.0.0.1 at 2017-08-14 17:30:45 -0400
Processing by EntriesController#index as */*
  [1m[36mEntry Load (0.3ms)[0m  [1m[34mSELECT "entries".* FROM "entries"[0m
Completed 200 OK in 3ms (Views: 2.4ms | ActiveRecord: 0.3ms)


Started GET "/entries" for 127.0.0.1 at 2017-08-14 17:30:48 -0400
Processing by EntriesController#index as */*
  [1m[36mEntry Load (0.3ms)[0m  [1m[34mSELECT "entries".* FROM "entries"[0m
Completed 200 OK in 3ms (Views: 2.2ms | ActiveRecord: 0.3ms)


Started GET "/entries" for 127.0.0.1 at 2017-08-14 17:31:03 -0400
Processing by EntriesController#index as */*
  [1m[36mEntry Load (0.2ms)[0m  [1m[34mSELECT "entries".* FROM "entries"[0m
Completed 200 OK in 3ms (Views: 2.7ms | ActiveRecord: 0.2ms)


Started GET "/entries" for 127.0.0.1 at 2017-08-14 17:31:18 -0400
Processing by EntriesController#index as */*
  [1m[36mEntry Load (0.4ms)[0m  [1m[34mSELECT "entries".* FROM "entries"[0m
Completed 200 OK in 5ms (Views: 4.0ms | ActiveRecord: 0.4ms)


Started GET "/entries" for 127.0.0.1 at 2017-08-14 17:32:28 -0400
Processing by EntriesController#index as */*
  [1m[36mEntry Load (0.6ms)[0m  [1m[34mSELECT "entries".* FROM "entries"[0m
Completed 200 OK in 5ms (Views: 4.4ms | ActiveRecord: 0.6ms)


Started GET "/entries" for 127.0.0.1 at 2017-08-14 17:32:29 -0400
Processing by EntriesController#index as */*
  [1m[36mEntry Load (0.8ms)[0m  [1m[34mSELECT "entries".* FROM "entries"[0m
Completed 200 OK in 27ms (Views: 25.8ms | ActiveRecord: 0.8ms)


Started GET "/entries" for 127.0.0.1 at 2017-08-14 17:34:27 -0400
Processing by EntriesController#index as */*
  [1m[36mEntry Load (2.3ms)[0m  [1m[34mSELECT "entries".* FROM "entries"[0m
Completed 200 OK in 20ms (Views: 14.0ms | ActiveRecord: 2.3ms)


Started GET "/entries" for 127.0.0.1 at 2017-08-14 17:34:53 -0400
Processing by EntriesController#index as */*
  [1m[36mEntry Load (0.8ms)[0m  [1m[34mSELECT "entries".* FROM "entries"[0m
Completed 200 OK in 4ms (Views: 2.8ms | ActiveRecord: 0.8ms)


Started GET "/entries" for 127.0.0.1 at 2017-08-14 17:36:21 -0400
Processing by EntriesController#index as */*
  [1m[36mEntry Load (0.4ms)[0m  [1m[34mSELECT "entries".* FROM "entries"[0m
Completed 200 OK in 3ms (Views: 2.6ms | ActiveRecord: 0.4ms)


Started GET "/entries" for 127.0.0.1 at 2017-08-14 17:38:35 -0400
Processing by EntriesController#index as */*
  [1m[36mEntry Load (0.3ms)[0m  [1m[34mSELECT "entries".* FROM "entries"[0m
Completed 200 OK in 4ms (Views: 3.5ms | ActiveRecord: 0.3ms)


Started GET "/entries" for 127.0.0.1 at 2017-08-14 17:38:52 -0400
Processing by EntriesController#index as */*
  [1m[36mEntry Load (0.2ms)[0m  [1m[34mSELECT "entries".* FROM "entries"[0m
Completed 200 OK in 3ms (Views: 2.7ms | ActiveRecord: 0.2ms)


Started GET "/entries" for 127.0.0.1 at 2017-08-14 17:39:11 -0400
Processing by EntriesController#index as */*
  [1m[36mEntry Load (0.2ms)[0m  [1m[34mSELECT "entries".* FROM "entries"[0m
Completed 200 OK in 3ms (Views: 2.3ms | ActiveRecord: 0.2ms)


Started GET "/entries" for 127.0.0.1 at 2017-08-14 17:39:42 -0400
Processing by EntriesController#index as */*
  [1m[36mEntry Load (0.3ms)[0m  [1m[34mSELECT "entries".* FROM "entries"[0m
Completed 200 OK in 3ms (Views: 2.2ms | ActiveRecord: 0.3ms)


Started GET "/entries" for 127.0.0.1 at 2017-08-14 17:40:00 -0400
Processing by EntriesController#index as */*
  [1m[36mEntry Load (0.3ms)[0m  [1m[34mSELECT "entries".* FROM "entries"[0m
Completed 200 OK in 3ms (Views: 2.2ms | ActiveRecord: 0.3ms)


Started GET "/entries" for 127.0.0.1 at 2017-08-14 17:40:16 -0400
Processing by EntriesController#index as */*
  [1m[36mEntry Load (0.3ms)[0m  [1m[34mSELECT "entries".* FROM "entries"[0m
Completed 200 OK in 3ms (Views: 2.3ms | ActiveRecord: 0.3ms)


Started GET "/entries" for 127.0.0.1 at 2017-08-14 17:41:17 -0400
Processing by EntriesController#index as */*
  [1m[36mEntry Load (0.2ms)[0m  [1m[34mSELECT "entries".* FROM "entries"[0m
Completed 200 OK in 3ms (Views: 2.3ms | ActiveRecord: 0.2ms)


Started GET "/entries" for 127.0.0.1 at 2017-08-14 17:42:24 -0400
Processing by EntriesController#index as */*
  [1m[36mEntry Load (0.2ms)[0m  [1m[34mSELECT "entries".* FROM "entries"[0m
Completed 200 OK in 3ms (Views: 2.0ms | ActiveRecord: 0.2ms)


Started GET "/entries" for 127.0.0.1 at 2017-08-14 17:42:33 -0400
Processing by EntriesController#index as */*
  [1m[36mEntry Load (0.2ms)[0m  [1m[34mSELECT "entries".* FROM "entries"[0m
Completed 200 OK in 3ms (Views: 2.5ms | ActiveRecord: 0.2ms)


Started GET "/entries" for 127.0.0.1 at 2017-08-14 17:44:08 -0400
Processing by EntriesController#index as */*
  [1m[36mEntry Load (0.2ms)[0m  [1m[34mSELECT "entries".* FROM "entries"[0m
Completed 200 OK in 3ms (Views: 2.2ms | ActiveRecord: 0.2ms)


Started GET "/entries" for 127.0.0.1 at 2017-08-14 17:45:49 -0400
Processing by EntriesController#index as */*
  [1m[36mEntry Load (0.2ms)[0m  [1m[34mSELECT "entries".* FROM "entries"[0m
Completed 200 OK in 3ms (Views: 2.0ms | ActiveRecord: 0.2ms)


Started GET "/entries" for 127.0.0.1 at 2017-08-14 17:46:29 -0400
Processing by EntriesController#index as */*
  [1m[36mEntry Load (0.3ms)[0m  [1m[34mSELECT "entries".* FROM "entries"[0m
Completed 200 OK in 4ms (Views: 3.5ms | ActiveRecord: 0.3ms)


Started GET "/entries" for 127.0.0.1 at 2017-08-14 17:47:16 -0400
Processing by EntriesController#index as */*
  [1m[36mEntry Load (0.4ms)[0m  [1m[34mSELECT "entries".* FROM "entries"[0m
Completed 200 OK in 4ms (Views: 3.1ms | ActiveRecord: 0.4ms)


Started GET "/entries" for 127.0.0.1 at 2017-08-14 17:47:25 -0400
Processing by EntriesController#index as */*
  [1m[36mEntry Load (0.3ms)[0m  [1m[34mSELECT "entries".* FROM "entries"[0m
Completed 200 OK in 3ms (Views: 2.2ms | ActiveRecord: 0.3ms)


Started GET "/entries" for 127.0.0.1 at 2017-08-14 17:47:33 -0400
Processing by EntriesController#index as */*
  [1m[36mEntry Load (0.7ms)[0m  [1m[34mSELECT "entries".* FROM "entries"[0m
Completed 200 OK in 3ms (Views: 2.5ms | ActiveRecord: 0.7ms)


Started GET "/entries" for 127.0.0.1 at 2017-08-14 17:47:50 -0400
Processing by EntriesController#index as */*
  [1m[36mEntry Load (0.3ms)[0m  [1m[34mSELECT "entries".* FROM "entries"[0m
Completed 200 OK in 3ms (Views: 2.2ms | ActiveRecord: 0.3ms)


Started GET "/entries" for 127.0.0.1 at 2017-08-14 17:49:15 -0400
Processing by EntriesController#index as */*
  [1m[36mEntry Load (0.3ms)[0m  [1m[34mSELECT "entries".* FROM "entries"[0m
Completed 200 OK in 3ms (Views: 2.4ms | ActiveRecord: 0.3ms)


Started GET "/entries" for 127.0.0.1 at 2017-08-14 17:49:31 -0400
Processing by EntriesController#index as */*
  [1m[36mEntry Load (0.6ms)[0m  [1m[34mSELECT "entries".* FROM "entries"[0m
Completed 200 OK in 4ms (Views: 3.0ms | ActiveRecord: 0.6ms)


Started GET "/entries" for 127.0.0.1 at 2017-08-14 17:49:38 -0400
Processing by EntriesController#index as */*
  [1m[36mEntry Load (0.3ms)[0m  [1m[34mSELECT "entries".* FROM "entries"[0m
Completed 200 OK in 4ms (Views: 3.3ms | ActiveRecord: 0.3ms)


Started GET "/entries" for 127.0.0.1 at 2017-08-14 17:49:39 -0400
Processing by EntriesController#index as */*
  [1m[36mEntry Load (0.2ms)[0m  [1m[34mSELECT "entries".* FROM "entries"[0m
Completed 200 OK in 3ms (Views: 2.7ms | ActiveRecord: 0.2ms)


Started GET "/entries" for 127.0.0.1 at 2017-08-14 17:49:42 -0400
Processing by EntriesController#index as */*
  [1m[36mEntry Load (0.5ms)[0m  [1m[34mSELECT "entries".* FROM "entries"[0m
Completed 200 OK in 4ms (Views: 3.3ms | ActiveRecord: 0.5ms)


Started GET "/entries" for 127.0.0.1 at 2017-08-14 17:49:50 -0400
Processing by EntriesController#index as */*
  [1m[36mEntry Load (0.3ms)[0m  [1m[34mSELECT "entries".* FROM "entries"[0m
Completed 200 OK in 3ms (Views: 2.6ms | ActiveRecord: 0.3ms)


Started POST "/entries" for 127.0.0.1 at 2017-08-14 17:52:01 -0400
Processing by EntriesController#create as HTML
  Parameters: {"name"=>"Logan Morales", "user_name"=>"moralesl5", "tz"=>"America/New_York", "image"=>"https://avatars.slack-edge.com/2017-05-20/186122847829_5e70481d42b638de7260_512.jpg", "email"=>"loganjmorales@gmail.com", "search"=>"chinese", "location"=>"10 E 21st St, New York, NY 10010, USA", "entry"=>{"name"=>"Logan Morales", "user_name"=>"moralesl5", "tz"=>"America/New_York", "image"=>"https://avatars.slack-edge.com/2017-05-20/186122847829_5e70481d42b638de7260_512.jpg", "email"=>"loganjmorales@gmail.com", "search"=>"chinese", "location"=>"10 E 21st St, New York, NY 10010, USA"}}
Unpermitted parameter: :entry
  [1m[35m (0.4ms)[0m  [1m[36mbegin transaction[0m
  [1m[35mSQL (2.1ms)[0m  [1m[32mINSERT INTO "entries" ("name", "user_name", "tz", "image", "email", "search", "location", "created_at", "updated_at") VALUES (?, ?, ?, ?, ?, ?, ?, ?, ?)[0m  [["name", "Logan Morales"], ["user_name", "moralesl5"], ["tz", "America/New_York"], ["image", "https://avatars.slack-edge.com/2017-05-20/186122847829_5e70481d42b638de7260_512.jpg"], ["email", "loganjmorales@gmail.com"], ["search", "chinese"], ["location", "10 E 21st St, New York, NY 10010, USA"], ["created_at", "2017-08-14 21:52:01.651930"], ["updated_at", "2017-08-14 21:52:01.651930"]]
  [1m[35m (1.2ms)[0m  [1m[36mcommit transaction[0m
Completed 200 OK in 19ms (Views: 0.8ms | ActiveRecord: 3.7ms)


  [1m[36mEntry Load (2.7ms)[0m  [1m[34mSELECT  "entries".* FROM "entries" ORDER BY "entries"."id" DESC LIMIT ?[0m  [["LIMIT", 1]]
Started GET "/entries" for 127.0.0.1 at 2017-08-14 17:52:28 -0400
Processing by EntriesController#index as */*
  [1m[36mEntry Load (8.5ms)[0m  [1m[34mSELECT "entries".* FROM "entries"[0m
Completed 200 OK in 13ms (Views: 3.8ms | ActiveRecord: 8.5ms)


Started GET "/entries" for 127.0.0.1 at 2017-08-14 21:59:03 -0400
Processing by EntriesController#index as */*
  [1m[36mEntry Load (2.2ms)[0m  [1m[34mSELECT "entries".* FROM "entries"[0m
Completed 200 OK in 27ms (Views: 19.0ms | ActiveRecord: 2.2ms)


Started GET "/entries" for 127.0.0.1 at 2017-08-14 22:00:37 -0400
Processing by EntriesController#index as */*
  [1m[36mEntry Load (0.9ms)[0m  [1m[34mSELECT "entries".* FROM "entries"[0m
Completed 200 OK in 14ms (Views: 12.4ms | ActiveRecord: 0.9ms)


Started GET "/entries" for 127.0.0.1 at 2017-08-14 22:00:42 -0400
Processing by EntriesController#index as */*
  [1m[36mEntry Load (0.3ms)[0m  [1m[34mSELECT "entries".* FROM "entries"[0m
Completed 200 OK in 12ms (Views: 11.1ms | ActiveRecord: 0.3ms)


Started GET "/entries" for 127.0.0.1 at 2017-08-14 22:02:22 -0400
Processing by EntriesController#index as */*
  [1m[36mEntry Load (0.4ms)[0m  [1m[34mSELECT "entries".* FROM "entries"[0m
Completed 200 OK in 4ms (Views: 2.9ms | ActiveRecord: 0.4ms)


Started GET "/entries" for 127.0.0.1 at 2017-08-14 22:02:53 -0400
Processing by EntriesController#index as */*
  [1m[36mEntry Load (0.3ms)[0m  [1m[34mSELECT "entries".* FROM "entries"[0m
Completed 200 OK in 3ms (Views: 2.4ms | ActiveRecord: 0.3ms)


Started GET "/entries" for 127.0.0.1 at 2017-08-14 22:03:19 -0400
Processing by EntriesController#index as */*
  [1m[36mEntry Load (0.2ms)[0m  [1m[34mSELECT "entries".* FROM "entries"[0m
Completed 200 OK in 4ms (Views: 3.0ms | ActiveRecord: 0.2ms)


Started GET "/entries" for 127.0.0.1 at 2017-08-14 22:05:54 -0400
Processing by EntriesController#index as */*
  [1m[36mEntry Load (2.0ms)[0m  [1m[34mSELECT "entries".* FROM "entries"[0m
Completed 200 OK in 24ms (Views: 18.0ms | ActiveRecord: 2.0ms)


Started GET "/entries" for 127.0.0.1 at 2017-08-14 22:08:00 -0400
Processing by EntriesController#index as */*
  [1m[36mEntry Load (2.0ms)[0m  [1m[34mSELECT "entries".* FROM "entries"[0m
Completed 200 OK in 20ms (Views: 14.7ms | ActiveRecord: 2.0ms)


Started GET "/entries" for 127.0.0.1 at 2017-08-14 22:08:25 -0400
Processing by EntriesController#index as */*
  [1m[36mEntry Load (0.8ms)[0m  [1m[34mSELECT "entries".* FROM "entries"[0m
Completed 200 OK in 7ms (Views: 5.7ms | ActiveRecord: 0.8ms)


Started GET "/entries" for 127.0.0.1 at 2017-08-14 22:09:19 -0400
Processing by EntriesController#index as */*
  [1m[36mEntry Load (0.3ms)[0m  [1m[34mSELECT "entries".* FROM "entries"[0m
Completed 200 OK in 4ms (Views: 3.1ms | ActiveRecord: 0.3ms)


Started GET "/entries" for 127.0.0.1 at 2017-08-14 22:10:02 -0400
Processing by EntriesController#index as */*
  [1m[36mEntry Load (0.2ms)[0m  [1m[34mSELECT "entries".* FROM "entries"[0m
Completed 200 OK in 5ms (Views: 4.7ms | ActiveRecord: 0.2ms)


Started GET "/entries" for 127.0.0.1 at 2017-08-14 22:10:35 -0400
Processing by EntriesController#index as */*
  [1m[36mEntry Load (0.3ms)[0m  [1m[34mSELECT "entries".* FROM "entries"[0m
Completed 200 OK in 4ms (Views: 3.9ms | ActiveRecord: 0.3ms)


Started GET "/entries" for 127.0.0.1 at 2017-08-14 22:11:02 -0400
Processing by EntriesController#index as */*
  [1m[36mEntry Load (0.2ms)[0m  [1m[34mSELECT "entries".* FROM "entries"[0m
Completed 200 OK in 4ms (Views: 3.6ms | ActiveRecord: 0.2ms)


Started GET "/entries" for 127.0.0.1 at 2017-08-14 22:11:12 -0400
Processing by EntriesController#index as */*
  [1m[36mEntry Load (0.3ms)[0m  [1m[34mSELECT "entries".* FROM "entries"[0m
Completed 200 OK in 4ms (Views: 3.1ms | ActiveRecord: 0.3ms)


Started GET "/entries" for 127.0.0.1 at 2017-08-14 22:14:18 -0400
Processing by EntriesController#index as */*
  [1m[36mEntry Load (0.7ms)[0m  [1m[34mSELECT "entries".* FROM "entries"[0m
Completed 200 OK in 8ms (Views: 6.4ms | ActiveRecord: 0.7ms)


Started GET "/entries" for 127.0.0.1 at 2017-08-14 22:14:25 -0400
Processing by EntriesController#index as */*
  [1m[36mEntry Load (0.3ms)[0m  [1m[34mSELECT "entries".* FROM "entries"[0m
Completed 200 OK in 5ms (Views: 4.3ms | ActiveRecord: 0.3ms)


Started GET "/entries" for 127.0.0.1 at 2017-08-14 22:15:45 -0400
Processing by EntriesController#index as */*
  [1m[36mEntry Load (0.2ms)[0m  [1m[34mSELECT "entries".* FROM "entries"[0m
Completed 200 OK in 3ms (Views: 2.5ms | ActiveRecord: 0.2ms)


Started GET "/entries" for 127.0.0.1 at 2017-08-14 22:16:26 -0400
Processing by EntriesController#index as */*
  [1m[36mEntry Load (0.7ms)[0m  [1m[34mSELECT "entries".* FROM "entries"[0m
Completed 200 OK in 5ms (Views: 3.8ms | ActiveRecord: 0.7ms)


Started GET "/entries" for 127.0.0.1 at 2017-08-14 22:17:39 -0400
Processing by EntriesController#index as */*
  [1m[36mEntry Load (0.3ms)[0m  [1m[34mSELECT "entries".* FROM "entries"[0m
Completed 200 OK in 4ms (Views: 3.1ms | ActiveRecord: 0.3ms)


Started GET "/entries" for 127.0.0.1 at 2017-08-14 22:18:35 -0400
Processing by EntriesController#index as */*
  [1m[36mEntry Load (0.3ms)[0m  [1m[34mSELECT "entries".* FROM "entries"[0m
Completed 200 OK in 3ms (Views: 2.3ms | ActiveRecord: 0.3ms)


Started GET "/entries" for 127.0.0.1 at 2017-08-14 22:20:24 -0400
Processing by EntriesController#index as */*
  [1m[36mEntry Load (0.6ms)[0m  [1m[34mSELECT "entries".* FROM "entries"[0m
Completed 200 OK in 5ms (Views: 4.0ms | ActiveRecord: 0.6ms)


Started GET "/entries" for 127.0.0.1 at 2017-08-14 22:21:14 -0400
Processing by EntriesController#index as */*
  [1m[36mEntry Load (0.4ms)[0m  [1m[34mSELECT "entries".* FROM "entries"[0m
Completed 200 OK in 5ms (Views: 3.9ms | ActiveRecord: 0.4ms)


Started GET "/entries" for 127.0.0.1 at 2017-08-14 22:21:20 -0400
Processing by EntriesController#index as */*
  [1m[36mEntry Load (0.3ms)[0m  [1m[34mSELECT "entries".* FROM "entries"[0m
Completed 200 OK in 4ms (Views: 3.0ms | ActiveRecord: 0.3ms)


Started GET "/entries" for 127.0.0.1 at 2017-08-14 22:21:45 -0400
Processing by EntriesController#index as */*
  [1m[36mEntry Load (0.6ms)[0m  [1m[34mSELECT "entries".* FROM "entries"[0m
Completed 200 OK in 5ms (Views: 4.1ms | ActiveRecord: 0.6ms)


Started GET "/entries" for 127.0.0.1 at 2017-08-14 22:26:15 -0400
Processing by EntriesController#index as */*
  [1m[36mEntry Load (1.9ms)[0m  [1m[34mSELECT "entries".* FROM "entries"[0m
Completed 200 OK in 30ms (Views: 19.1ms | ActiveRecord: 1.9ms)


Started GET "/entries" for 127.0.0.1 at 2017-08-14 22:28:56 -0400
Processing by EntriesController#index as */*
  [1m[36mEntry Load (1.0ms)[0m  [1m[34mSELECT "entries".* FROM "entries"[0m
Completed 200 OK in 6ms (Views: 4.2ms | ActiveRecord: 1.0ms)


Started GET "/entries" for 127.0.0.1 at 2017-08-14 22:29:33 -0400
Processing by EntriesController#index as */*
  [1m[36mEntry Load (1.9ms)[0m  [1m[34mSELECT "entries".* FROM "entries"[0m
Completed 200 OK in 22ms (Views: 19.2ms | ActiveRecord: 1.9ms)


Started GET "/entries" for 127.0.0.1 at 2017-08-14 22:30:44 -0400
Processing by EntriesController#index as */*
  [1m[36mEntry Load (0.6ms)[0m  [1m[34mSELECT "entries".* FROM "entries"[0m
Completed 200 OK in 27ms (Views: 25.6ms | ActiveRecord: 0.6ms)


Started GET "/entries" for 127.0.0.1 at 2017-08-14 22:31:22 -0400
Processing by EntriesController#index as */*
  [1m[36mEntry Load (0.6ms)[0m  [1m[34mSELECT "entries".* FROM "entries"[0m
Completed 200 OK in 6ms (Views: 4.5ms | ActiveRecord: 0.6ms)


Started GET "/entries" for 127.0.0.1 at 2017-08-14 22:31:51 -0400
Processing by EntriesController#index as */*
  [1m[36mEntry Load (2.1ms)[0m  [1m[34mSELECT "entries".* FROM "entries"[0m
Completed 200 OK in 6ms (Views: 3.7ms | ActiveRecord: 2.1ms)


Started GET "/entries" for 127.0.0.1 at 2017-08-14 22:32:44 -0400
Processing by EntriesController#index as */*
  [1m[36mEntry Load (0.5ms)[0m  [1m[34mSELECT "entries".* FROM "entries"[0m
Completed 200 OK in 4ms (Views: 3.7ms | ActiveRecord: 0.5ms)


Started GET "/entries" for 127.0.0.1 at 2017-08-14 22:34:31 -0400
Processing by EntriesController#index as */*
  [1m[36mEntry Load (1.6ms)[0m  [1m[34mSELECT "entries".* FROM "entries"[0m
Completed 200 OK in 22ms (Views: 16.8ms | ActiveRecord: 1.6ms)


Started GET "/entries" for 127.0.0.1 at 2017-08-14 22:34:48 -0400
Processing by EntriesController#index as */*
  [1m[36mEntry Load (0.3ms)[0m  [1m[34mSELECT "entries".* FROM "entries"[0m
Completed 200 OK in 5ms (Views: 3.9ms | ActiveRecord: 0.3ms)


Started GET "/entries" for 127.0.0.1 at 2017-08-14 22:35:52 -0400
Processing by EntriesController#index as */*
  [1m[36mEntry Load (0.3ms)[0m  [1m[34mSELECT "entries".* FROM "entries"[0m
Completed 200 OK in 4ms (Views: 3.0ms | ActiveRecord: 0.3ms)


Started GET "/entries" for 127.0.0.1 at 2017-08-14 22:36:20 -0400
Processing by EntriesController#index as */*
  [1m[36mEntry Load (0.2ms)[0m  [1m[34mSELECT "entries".* FROM "entries"[0m
Completed 200 OK in 3ms (Views: 2.7ms | ActiveRecord: 0.2ms)


Started GET "/entries" for 127.0.0.1 at 2017-08-14 22:37:02 -0400
Processing by EntriesController#index as */*
  [1m[36mEntry Load (0.2ms)[0m  [1m[34mSELECT "entries".* FROM "entries"[0m
Completed 200 OK in 4ms (Views: 3.4ms | ActiveRecord: 0.2ms)


Started POST "/entries" for 127.0.0.1 at 2017-08-14 22:48:33 -0400
Processing by EntriesController#create as HTML
  Parameters: {"name"=>"Logan Morales", "user_name"=>"moralesl5", "tz"=>"America/New_York", "image"=>"https://avatars.slack-edge.com/2017-05-20/186122847829_5e70481d42b638de7260_512.jpg", "email"=>"loganjmorales@gmail.com", "search"=>"pizza", "location"=>"425 E 82nd St, New York, NY 10028, USA", "entry"=>{"name"=>"Logan Morales", "user_name"=>"moralesl5", "tz"=>"America/New_York", "image"=>"https://avatars.slack-edge.com/2017-05-20/186122847829_5e70481d42b638de7260_512.jpg", "email"=>"loganjmorales@gmail.com", "search"=>"pizza", "location"=>"425 E 82nd St, New York, NY 10028, USA"}}
Unpermitted parameter: :entry
  [1m[35m (0.7ms)[0m  [1m[36mbegin transaction[0m
  [1m[35mSQL (2.3ms)[0m  [1m[32mINSERT INTO "entries" ("name", "user_name", "tz", "image", "email", "search", "location", "created_at", "updated_at") VALUES (?, ?, ?, ?, ?, ?, ?, ?, ?)[0m  [["name", "Logan Morales"], ["user_name", "moralesl5"], ["tz", "America/New_York"], ["image", "https://avatars.slack-edge.com/2017-05-20/186122847829_5e70481d42b638de7260_512.jpg"], ["email", "loganjmorales@gmail.com"], ["search", "pizza"], ["location", "425 E 82nd St, New York, NY 10028, USA"], ["created_at", "2017-08-15 02:48:33.150440"], ["updated_at", "2017-08-15 02:48:33.150440"]]
  [1m[35m (1.1ms)[0m  [1m[36mcommit transaction[0m
Completed 200 OK in 37ms (Views: 3.8ms | ActiveRecord: 4.0ms)


Started GET "/entries" for 127.0.0.1 at 2017-08-14 22:48:50 -0400
Processing by EntriesController#index as */*
  [1m[36mEntry Load (0.9ms)[0m  [1m[34mSELECT "entries".* FROM "entries"[0m
Completed 200 OK in 6ms (Views: 4.4ms | ActiveRecord: 0.9ms)


